#-----------------------------------------------------------
# Vivado v2016.2 (64-bit)
# SW Build 1577090 on Thu Jun  2 16:32:40 MDT 2016
# IP Build 1577682 on Fri Jun  3 12:00:54 MDT 2016
# Start of session at: Mon Feb 08 11:06:22 2021
# Process ID: 14508
# Current directory: C:/Users/HP Useer/Desktop/Lab2_Naylor_Ojeda
# Command line: vivado.exe -gui_launcher_event rodinguilauncherevent14944 C:\Users\HP Useer\Desktop\Lab2_Naylor_Ojeda\Lab2_part2.xpr
# Log file: C:/Users/HP Useer/Desktop/Lab2_Naylor_Ojeda/vivado.log
# Journal file: C:/Users/HP Useer/Desktop/Lab2_Naylor_Ojeda\vivado.jou
#-----------------------------------------------------------
start_gui
open_project {C:/Users/HP Useer/Desktop/Lab2_Naylor_Ojeda/Lab2_part2.xpr}
Scanning sources...
Finished scanning sources
INFO: [IP_Flow 19-234] Refreshing IP repositories
INFO: [IP_Flow 19-1704] No user IP repositories specified
INFO: [IP_Flow 19-2313] Loaded Vivado IP repository 'C:/Xilinx/Vivado/2016.2/data/ip'.
INFO: [Common 17-41] Interrupt caught. Command should exit soon.
INFO: [Common 17-344] 'set_property' was cancelled
INFO: [Common 17-344] 'set_property' was cancelled
INFO: [Common 17-344] 'open_project' was cancelled
exit
INFO: [Common 17-206] Exiting Vivado at Mon Feb 08 11:06:58 2021...
ktop/Lab2_Naylor_Ojeda/Lab2_part2.srcs/sim_1/new/add_sub_4bit_tb.v'; using path 'C:/Users/HP Useer/Lab2_part2/Lab2_part2.srcs/sim_1/new/add_sub_4bit_tb.v' instead.
Scanning sources...
Finished scanning sources
INFO: [filemgmt 56-1] IPUserFilesDir: Directory not found as 'C:/Users/HP Useer/Desktop/Lab2_Naylor_Ojeda/Lab2_part2.ip_user_files'; using path 'C:/Users/HP Useer/Lab2_part2/Lab2_part2.ip_user_files' instead.
INFO: [IP_Flow 19-234] Refreshing IP repositories
INFO: [IP_Flow 19-1704] No user IP repositories specified
INFO: [IP_Flow 19-2313] Loaded Vivado IP repository 'C:/Xilinx/Vivado/2016.2/data/ip'.
open_project: Time (s): cpu = 00:00:18 ; elapsed = 00:00:11 . Memory (MB): peak = 745.180 ; gain = 95.203
update_compile_order -fileset sources_1
exit
INFO: [Common 17-206] Exiting Vivado at Mon Feb 08 11:06:53 2021...
