#-----------------------------------------------------------
# Vivado v2016.2 (64-bit)
# SW Build 1577090 on Thu Jun  2 16:32:40 MDT 2016
# IP Build 1577682 on Fri Jun  3 12:00:54 MDT 2016
# Start of session at: Mon Feb 15 09:33:08 2021
# Process ID: 10644
# Current directory: C:/Users/HP Useer/Desktop/Lab2_Naylor_Ojeda
# Command line: vivado.exe -gui_launcher_event rodinguilauncherevent17472 C:\Users\HP Useer\Desktop\Lab2_Naylor_Ojeda\Lab2_part2.xpr
# Log file: C:/Users/HP Useer/Desktop/Lab2_Naylor_Ojeda/vivado.log
# Journal file: C:/Users/HP Useer/Desktop/Lab2_Naylor_Ojeda\vivado.jou
#-----------------------------------------------------------
start_gui
open_project {C:/Users/HP Useer/Desktop/Lab2_Naylor_Ojeda/Lab2_part2.xpr}
Scanning sources...
Finished scanning sources
INFO: [IP_Flow 19-234] Refreshing IP repositories
INFO: [IP_Flow 19-1704] No user IP repositories specified
INFO: [IP_Flow 19-2313] Loaded Vivado IP repository 'C:/Xilinx/Vivado/2016.2/data/ip'.
open_project: Time (s): cpu = 00:00:15 ; elapsed = 00:00:07 . Memory (MB): peak = 732.926 ; gain = 95.500
update_compile_order -fileset sources_1
exit
INFO: [Common 17-206] Exiting Vivado at Mon Feb 15 09:34:01 2021...
