#-----------------------------------------------------------
# Vivado v2016.2 (64-bit)
# SW Build 1577090 on Thu Jun  2 16:32:40 MDT 2016
# IP Build 1577682 on Fri Jun  3 12:00:54 MDT 2016
# Start of session at: Mon Apr 12 09:32:43 2021
# Process ID: 15528
# Current directory: C:/Users/HP Useer/Desktop/Lab5_itypedatapath_ Naylor_Ojeda/Lab5_I-Type
# Command line: vivado.exe -gui_launcher_event rodinguilauncherevent11036 C:\Users\HP Useer\Desktop\Lab5_itypedatapath_ Naylor_Ojeda\Lab5_I-Type\Lab5_I-Type.xpr
# Log file: C:/Users/HP Useer/Desktop/Lab5_itypedatapath_ Naylor_Ojeda/Lab5_I-Type/vivado.log
# Journal file: C:/Users/HP Useer/Desktop/Lab5_itypedatapath_ Naylor_Ojeda/Lab5_I-Type\vivado.jou
#-----------------------------------------------------------
start_gui
open_project {C:/Users/HP Useer/Desktop/Lab5_itypedatapath_ Naylor_Ojeda/Lab5_I-Type/Lab5_I-Type.xpr}
INFO: [Project 1-313] Project file moved from 'C:/Users/HP Useer/Lab5_I-Type' since last save.
Scanning sources...
Finished scanning sources
INFO: [IP_Flow 19-234] Refreshing IP repositories
INFO: [IP_Flow 19-1704] No user IP repositories specified
INFO: [IP_Flow 19-2313] Loaded Vivado IP repository 'C:/Xilinx/Vivado/2016.2/data/ip'.
open_project: Time (s): cpu = 00:00:18 ; elapsed = 00:00:22 . Memory (MB): peak = 748.902 ; gain = 125.266
update_compile_order -fileset sources_1
exit
INFO: [Common 17-206] Exiting Vivado at Mon Apr 12 10:48:22 2021...
