#-----------------------------------------------------------
# Vivado v2016.2 (64-bit)
# SW Build 1577090 on Thu Jun  2 16:32:40 MDT 2016
# IP Build 1577682 on Fri Jun  3 12:00:54 MDT 2016
# Start of session at: Wed Apr 14 09:32:31 2021
# Process ID: 9220
# Current directory: C:/Users/HP Useer/Desktop/Lab5_itypedatapath_ Naylor_Ojeda/Lab5_I-Type
# Command line: vivado.exe -gui_launcher_event rodinguilauncherevent16064 C:\Users\HP Useer\Desktop\Lab5_itypedatapath_ Naylor_Ojeda\Lab5_I-Type\Lab5_I-Type.xpr
# Log file: C:/Users/HP Useer/Desktop/Lab5_itypedatapath_ Naylor_Ojeda/Lab5_I-Type/vivado.log
# Journal file: C:/Users/HP Useer/Desktop/Lab5_itypedatapath_ Naylor_Ojeda/Lab5_I-Type\vivado.jou
#-----------------------------------------------------------
start_gui
open_project {C:/Users/HP Useer/Desktop/Lab5_itypedatapath_ Naylor_Ojeda/Lab5_I-Type/Lab5_I-Type.xpr}
Scanning sources...
Finished scanning sources
INFO: [IP_Flow 19-234] Refreshing IP repositories
INFO: [IP_Flow 19-1704] No user IP repositories specified
INFO: [IP_Flow 19-2313] Loaded Vivado IP repository 'C:/Xilinx/Vivado/2016.2/data/ip'.
open_project: Time (s): cpu = 00:00:20 ; elapsed = 00:00:20 . Memory (MB): peak = 723.625 ; gain = 124.660
update_compile_order -fileset sources_1
launch_simulation
INFO: [USF-XSim-27] Simulation object is 'sim_1'
INFO: [USF-XSim-37] Inspecting design source files for 'Datapath_tb' in fileset 'sim_1'...
INFO: [USF-XSim-25] Exported 'C:/Users/HP Useer/Desktop/Lab5_itypedatapath_ Naylor_Ojeda/Lab5_I-Type/Lab5_I-Type.sim/sim_1/behav/DataMem.dat'
INFO: [USF-XSim-25] Exported 'C:/Users/HP Useer/Desktop/Lab5_itypedatapath_ Naylor_Ojeda/Lab5_I-Type/Lab5_I-Type.sim/sim_1/behav/imem1.dat'
INFO: [USF-XSim-25] Exported 'C:/Users/HP Useer/Desktop/Lab5_itypedatapath_ Naylor_Ojeda/Lab5_I-Type/Lab5_I-Type.sim/sim_1/behav/DataMem.dat'
INFO: [USF-XSim-25] Exported 'C:/Users/HP Useer/Desktop/Lab5_itypedatapath_ Naylor_Ojeda/Lab5_I-Type/Lab5_I-Type.sim/sim_1/behav/imem1.dat'
INFO: [USF-XSim-97] Finding global include files...
INFO: [USF-XSim-98] Fetching design files from 'sim_1'...
INFO: [USF-XSim-2] XSim::Compile design
INFO: [USF-XSim-61] Executing 'COMPILE and ANALYZE' step in 'C:/Users/HP Useer/Desktop/Lab5_itypedatapath_ Naylor_Ojeda/Lab5_I-Type/Lab5_I-Type.sim/sim_1/behav'
"xvlog -m64 --relax -prj Datapath_tb_vlog.prj"
INFO: [VRFC 10-2263] Analyzing Verilog file "C:/Users/HP Useer/Desktop/Lab5_itypedatapath_ Naylor_Ojeda/Lab5_I-Type/Lab5_I-Type.srcs/sources_1/new/BranchSrc.v" into library xil_defaultlib
INFO: [VRFC 10-311] analyzing module BranchSrc
INFO: [VRFC 10-2263] Analyzing Verilog file "C:/Users/HP Useer/Desktop/Lab5_itypedatapath_ Naylor_Ojeda/Lab5_I-Type/Lab5_I-Type.srcs/sources_1/new/PCADD1.v" into library xil_defaultlib
INFO: [VRFC 10-311] analyzing module PCADD1
INFO: [VRFC 10-2263] Analyzing Verilog file "C:/Users/HP Useer/Desktop/Lab5_itypedatapath_ Naylor_Ojeda/Lab5_I-Type/Lab5_I-Type.srcs/sources_1/imports/sources_1/new/control.v" into library xil_defaultlib
INFO: [VRFC 10-311] analyzing module control
INFO: [VRFC 10-2263] Analyzing Verilog file "C:/Users/HP Useer/Desktop/Lab5_itypedatapath_ Naylor_Ojeda/Lab5_I-Type/Lab5_I-Type.srcs/sources_1/new/SignExtension.v" into library xil_defaultlib
INFO: [VRFC 10-311] analyzing module SignExtension
INFO: [VRFC 10-2263] Analyzing Verilog file "C:/Users/HP Useer/Desktop/Lab5_itypedatapath_ Naylor_Ojeda/Lab5_I-Type/Lab5_I-Type.srcs/sources_1/imports/Downloads/DataMem.v" into library xil_defaultlib
INFO: [VRFC 10-311] analyzing module DataMem
INFO: [VRFC 10-2263] Analyzing Verilog file "C:/Users/HP Useer/Desktop/Lab5_itypedatapath_ Naylor_Ojeda/Lab5_I-Type/Lab5_I-Type.srcs/sources_1/imports/sources_1/imports/Downloads/regfile32.v" into library xil_defaultlib
INFO: [VRFC 10-311] analyzing module regfile32
INFO: [VRFC 10-2263] Analyzing Verilog file "C:/Users/HP Useer/Desktop/Lab5_itypedatapath_ Naylor_Ojeda/Lab5_I-Type/Lab5_I-Type.srcs/sources_1/imports/sources_1/new/PC.v" into library xil_defaultlib
INFO: [VRFC 10-311] analyzing module PC
INFO: [VRFC 10-2263] Analyzing Verilog file "C:/Users/HP Useer/Desktop/Lab5_itypedatapath_ Naylor_Ojeda/Lab5_I-Type/Lab5_I-Type.srcs/sources_1/imports/sources_1/new/PCADD.v" into library xil_defaultlib
INFO: [VRFC 10-311] analyzing module PCADD
INFO: [VRFC 10-2263] Analyzing Verilog file "C:/Users/HP Useer/Desktop/Lab5_itypedatapath_ Naylor_Ojeda/Lab5_I-Type/Lab5_I-Type.srcs/sources_1/imports/sources_1/imports/new/ALU.v" into library xil_defaultlib
INFO: [VRFC 10-311] analyzing module ALU
INFO: [VRFC 10-2263] Analyzing Verilog file "C:/Users/HP Useer/Desktop/Lab5_itypedatapath_ Naylor_Ojeda/Lab5_I-Type/Lab5_I-Type.srcs/sources_1/imports/sources_1/imports/Downloads/Instruction_Memory.v" into library xil_defaultlib
INFO: [VRFC 10-311] analyzing module Instruction_Memory
INFO: [VRFC 10-2263] Analyzing Verilog file "C:/Users/HP Useer/Desktop/Lab5_itypedatapath_ Naylor_Ojeda/Lab5_I-Type/Lab5_I-Type.srcs/sources_1/imports/sources_1/new/Datapath.v" into library xil_defaultlib
INFO: [VRFC 10-311] analyzing module Datapath
INFO: [VRFC 10-2263] Analyzing Verilog file "C:/Users/HP Useer/Desktop/Lab5_itypedatapath_ Naylor_Ojeda/Lab5_I-Type/Lab5_I-Type.srcs/sim_1/imports/new/Datapath_tb.v" into library xil_defaultlib
INFO: [VRFC 10-311] analyzing module Datapath_tb
INFO: [VRFC 10-2263] Analyzing Verilog file "C:/Users/HP Useer/Desktop/Lab5_itypedatapath_ Naylor_Ojeda/Lab5_I-Type/Lab5_I-Type.sim/sim_1/behav/glbl.v" into library xil_defaultlib
INFO: [VRFC 10-311] analyzing module glbl
INFO: [USF-XSim-69] 'compile' step finished in '5' seconds
INFO: [USF-XSim-3] XSim::Elaborate design
INFO: [USF-XSim-61] Executing 'ELABORATE' step in 'C:/Users/HP Useer/Desktop/Lab5_itypedatapath_ Naylor_Ojeda/Lab5_I-Type/Lab5_I-Type.sim/sim_1/behav'
Vivado Simulator 2016.2
Copyright 1986-1999, 2001-2016 Xilinx, Inc. All Rights Reserved.
Running: C:/Xilinx/Vivado/2016.2/bin/unwrapped/win64.o/xelab.exe -wto d9c72a8e696849469d76098ad1310861 --debug typical --relax --mt 2 -L xil_defaultlib -L unisims_ver -L unimacro_ver -L secureip --snapshot Datapath_tb_behav xil_defaultlib.Datapath_tb xil_defaultlib.glbl -log elaborate.log 
Using 2 slave threads.
Starting static elaboration
Completed static elaboration
Starting simulation data flow analysis
Completed simulation data flow analysis
Time Resolution for simulation is 1ps
Compiling module xil_defaultlib.control
Compiling module xil_defaultlib.Instruction_Memory
Compiling module xil_defaultlib.regfile32
Compiling module xil_defaultlib.PCADD
Compiling module xil_defaultlib.PCADD1
Compiling module xil_defaultlib.BranchSrc
Compiling module xil_defaultlib.PC
Compiling module xil_defaultlib.ALU
Compiling module xil_defaultlib.DataMem
Compiling module xil_defaultlib.SignExtension
Compiling module xil_defaultlib.Datapath
Compiling module xil_defaultlib.Datapath_tb
Compiling module xil_defaultlib.glbl
Built simulation snapshot Datapath_tb_behav

****** Webtalk v2016.2 (64-bit)
  **** SW Build 1577090 on Thu Jun  2 16:32:40 MDT 2016
  **** IP Build 1577682 on Fri Jun  3 12:00:54 MDT 2016
    ** Copyright 1986-2016 Xilinx, Inc. All Rights Reserved.

source C:/Users/HP -notrace
invalid command name "2019:03:13"
    while executing
"2019:03:13 10:51:10:910 Could not recognize operation: U!"
    (file "C:/Users/HP" line 1)
INFO: [Common 17-206] Exiting Webtalk at Wed Apr 14 09:53:19 2021...
run_program: Time (s): cpu = 00:00:01 ; elapsed = 00:00:16 . Memory (MB): peak = 730.586 ; gain = 0.000
INFO: [USF-XSim-69] 'elaborate' step finished in '16' seconds
INFO: [USF-XSim-4] XSim::Simulate design
INFO: [USF-XSim-61] Executing 'SIMULATE' step in 'C:/Users/HP Useer/Desktop/Lab5_itypedatapath_ Naylor_Ojeda/Lab5_I-Type/Lab5_I-Type.sim/sim_1/behav'
INFO: [USF-XSim-98] *** Running xsim
   with args "Datapath_tb_behav -key {Behavioral:sim_1:Functional:Datapath_tb} -tclbatch {Datapath_tb.tcl} -log {simulate.log}"
INFO: [USF-XSim-8] Loading simulator feature
Vivado Simulator 2016.2
Time resolution is 1 ps
source Datapath_tb.tcl
# set curr_wave [current_wave_config]
# if { [string length $curr_wave] == 0 } {
#   if { [llength [get_objects]] > 0} {
#     add_wave /
#     set_property needs_save false [current_wave_config]
#   } else {
#      send_msg_id Add_Wave-1 WARNING "No top level signals found. Simulator will start without a wave window. If you want to open a wave window go to 'File->New Waveform Configuration' or type 'create_wave_config' in the TCL console."
#   }
# }
# run 1000ns
t= 630.0 ns dm[24]: 00000002
t= 650.0 ns dm[28]: 00000000
t= 670.0 ns dm[32]: 1234567f
t= 690.0 ns dm[36]: 00000001
t= 710.0 ns dm[40]: 00000000
t= 730.0 ns dm[44]: 00000000
$finish called at time : 730 ns : File "C:/Users/HP Useer/Desktop/Lab5_itypedatapath_ Naylor_Ojeda/Lab5_I-Type/Lab5_I-Type.srcs/sim_1/imports/new/Datapath_tb.v" Line 32
xsim: Time (s): cpu = 00:00:07 ; elapsed = 00:00:06 . Memory (MB): peak = 738.500 ; gain = 7.914
INFO: [USF-XSim-96] XSim completed. Design snapshot 'Datapath_tb_behav' loaded.
INFO: [USF-XSim-97] XSim simulation ran for 1000ns
launch_simulation: Time (s): cpu = 00:00:10 ; elapsed = 00:00:28 . Memory (MB): peak = 738.500 ; gain = 7.914
close_sim
INFO: [Simtcl 6-16] Simulation closed
exit
INFO: [Common 17-206] Exiting Vivado at Wed Apr 14 09:54:24 2021...
