#-----------------------------------------------------------
# Vivado v2016.2 (64-bit)
# SW Build 1577090 on Thu Jun  2 16:32:40 MDT 2016
# IP Build 1577682 on Fri Jun  3 12:00:54 MDT 2016
# Start of session at: Mon Feb 15 09:32:10 2021
# Process ID: 13116
# Current directory: C:/Users/HP Useer/Desktop/Lab2_Naylor_Ojeda/Lab2_circuit1
# Command line: vivado.exe -gui_launcher_event rodinguilauncherevent6604 C:\Users\HP Useer\Desktop\Lab2_Naylor_Ojeda\Lab2_circuit1\Lab2_circuit1.xpr
# Log file: C:/Users/HP Useer/Desktop/Lab2_Naylor_Ojeda/Lab2_circuit1/vivado.log
# Journal file: C:/Users/HP Useer/Desktop/Lab2_Naylor_Ojeda/Lab2_circuit1\vivado.jou
#-----------------------------------------------------------
start_gui
open_project {C:/Users/HP Useer/Desktop/Lab2_Naylor_Ojeda/Lab2_circuit1/Lab2_circuit1.xpr}
INFO: [Project 1-313] Project file moved from 'C:/Users/HP Useer/Lab2_circuit1' since last save.
Scanning sources...
Finished scanning sources
INFO: [IP_Flow 19-234] Refreshing IP repositories
INFO: [IP_Flow 19-1704] No user IP repositories specified
INFO: [IP_Flow 19-2313] Loaded Vivado IP repository 'C:/Xilinx/Vivado/2016.2/data/ip'.
open_project: Time (s): cpu = 00:00:17 ; elapsed = 00:00:08 . Memory (MB): peak = 812.949 ; gain = 162.262
update_compile_order -fileset sources_1
exit
INFO: [Common 17-206] Exiting Vivado at Mon Feb 15 10:54:24 2021...
