#-----------------------------------------------------------
# Vivado v2016.2 (64-bit)
# SW Build 1577090 on Thu Jun  2 16:32:40 MDT 2016
# IP Build 1577682 on Fri Jun  3 12:00:54 MDT 2016
# Start of session at: Mon Feb 15 09:33:51 2021
# Process ID: 5504
# Current directory: C:/Users/HP Useer/Desktop/Lab2_Naylor_Ojeda/Lab2_4bitAdderSubtractor
# Command line: vivado.exe -gui_launcher_event rodinguilauncherevent13668 C:\Users\HP Useer\Desktop\Lab2_Naylor_Ojeda\Lab2_4bitAdderSubtractor\Lab2_4bitAdderSubtractor.xpr
# Log file: C:/Users/HP Useer/Desktop/Lab2_Naylor_Ojeda/Lab2_4bitAdderSubtractor/vivado.log
# Journal file: C:/Users/HP Useer/Desktop/Lab2_Naylor_Ojeda/Lab2_4bitAdderSubtractor\vivado.jou
#-----------------------------------------------------------
start_gui
open_project {C:/Users/HP Useer/Desktop/Lab2_Naylor_Ojeda/Lab2_4bitAdderSubtractor/Lab2_4bitAdderSubtractor.xpr}
INFO: [Project 1-313] Project file moved from 'C:/Users/HP Useer/Lab2_4bitAdderSubtractor' since last save.
Scanning sources...
Finished scanning sources
INFO: [IP_Flow 19-234] Refreshing IP repositories
INFO: [IP_Flow 19-1704] No user IP repositories specified
INFO: [IP_Flow 19-2313] Loaded Vivado IP repository 'C:/Xilinx/Vivado/2016.2/data/ip'.
open_project: Time (s): cpu = 00:00:16 ; elapsed = 00:00:09 . Memory (MB): peak = 753.320 ; gain = 91.738
update_compile_order -fileset sources_1
exit
INFO: [Common 17-206] Exiting Vivado at Mon Feb 15 10:54:23 2021...
