Unable to capture context for thread 14120 in process 10316, can not generate back trace
Exception at PC 0x00007FFEBE04BB93
Printing stacktrace...

Exception at PC 0x00007FFF34E2D759
Exception at PC 0x00007FFF34E2D759
Exception at PC 0x00007FFF34E2D759
Exception at PC 0x00007FFF34E2D759
Exception at PC 0x00007FFF34E2D759
Exception at PC 0x00007FFF34E2D759
Exception at PC 0x00007FFF34E2D759
Exception at PC 0x00007FFF34E2D759
Exception at PC 0x00007FFF34E2D759
Exception at PC 0x00007FFF34E2D759
Exception at PC 0x00007FFF34E2D759
Exception at PC 0x00007FFF34E2D759
Exception at PC 0x00007FFF34E2D759
Exception at PC 0x00007FFF34E2D759
[0]  [0x00007FFEBE04BB93]
[1]  [0x00007FFEBE04BB93]
[2]  [0x00007FFEBE04B4A1]
[3]  [0x00007FFEBE04B3EF]
[4]  [0x00007FFEBE0319FE]
[5]  [0x00007FFEBE030ED1]
[6]  [0x00007FFEBE030D76]
[7]  [0x00007FFEBDFD79F6]
[8]  [0x00007FFEBDFC7AFB]
[9]  [0x00007FFEBE0EE90A]
[10]  [0x00007FFEBE109F87]
[11]  [0x00007FFEBE10A05F]
[12] (BaseThreadInitThunk+0x14) [0x00007FFF366D7034]
[13] (RtlUserThreadStart+0x21) [0x00007FFF370BD0D1]
Done
Exception at PC 0x00007FFF34E2D759
Exception at PC 0x00007FFF34E2D759
Exception at PC 0x00007FFF34E2D759
Exception at PC 0x00007FFF34E2D759
