Unable to capture context for thread 8484 in process 17544, can not generate back trace
Unable to capture context for thread 12548 in process 17544, can not generate back trace
Unable to capture context for thread 1872 in process 17544, can not generate back trace
Exception at PC 0x00007FFA1341D759
Unable to capture context for thread 1872 in process 17544, can not generate back trace
Exception at PC 0x00007FF9A58CBB93
Printing stacktrace...

Exception at PC 0x00007FFA1341D759
Exception at PC 0x00007FFA1341D759
Exception at PC 0x00007FFA1341D759
Exception at PC 0x00007FFA1341D759
Exception at PC 0x00007FFA1341D759
Exception at PC 0x00007FFA1341D759
Exception at PC 0x00007FFA1341D759
Exception at PC 0x00007FFA1341D759
Exception at PC 0x00007FFA1341D759
Exception at PC 0x00007FFA1341D759
Exception at PC 0x00007FFA1341D759
Exception at PC 0x00007FFA1341D759
Exception at PC 0x00007FFA1341D759
[0]  [0x00007FF9A58CBB93]
[1]  [0x00007FF9A58CBB93]
[2]  [0x00007FF9A58CB4A1]
[3]  [0x00007FF9A58CB3EF]
[4]  [0x00007FF9A58B19FE]
[5]  [0x00007FF9A58B0ED1]
[6]  [0x00007FF9A58B0D76]
[7]  [0x00007FF9A58579F6]
[8]  [0x00007FF9A5847AFB]
[9]  [0x00007FF9A596E90A]
[10]  [0x00007FF9A5989F87]
[11]  [0x00007FF9A598A05F]
[12] (BaseThreadInitThunk+0x14) [0x00007FFA15707034]
[13] (RtlUserThreadStart+0x21) [0x00007FFA15A3D241]
Done
Exception at PC 0x00007FFA1341D759
Exception at PC 0x00007FFA1341D759
Exception at PC 0x00007FFA1341D759
Exception at PC 0x00007FFA1341D759
