
*** Running vivado
    with args -log Datapath.vds -m64 -mode batch -messageDb vivado.pb -notrace -source Datapath.tcl


****** Vivado v2016.2 (64-bit)
  **** SW Build 1577090 on Thu Jun  2 16:32:40 MDT 2016
  **** IP Build 1577682 on Fri Jun  3 12:00:54 MDT 2016
    ** Copyright 1986-2016 Xilinx, Inc. All Rights Reserved.

source Datapath.tcl -notrace
Command: synth_design -top Datapath -part xc7k70tfbv676-1
Starting synth_design
Attempting to get a license for feature 'Synthesis' and/or device 'xc7k70t'
INFO: [Common 17-349] Got license for feature 'Synthesis' and/or device 'xc7k70t'
INFO: Launching helper process for spawning children vivado processes
INFO: Helper process launched with PID 2080 
---------------------------------------------------------------------------------
Starting Synthesize : Time (s): cpu = 00:00:07 ; elapsed = 00:00:20 . Memory (MB): peak = 272.305 ; gain = 65.598
---------------------------------------------------------------------------------
INFO: [Synth 8-638] synthesizing module 'Datapath' [C:/Users/HP Useer/Desktop/Lab3_ALU_Naylor_Ojeda/Lab4_Datapath/Lab4_Datapath.srcs/sources_1/new/Datapath.v:23]
INFO: [Synth 8-638] synthesizing module 'control' [C:/Users/HP Useer/Desktop/Lab3_ALU_Naylor_Ojeda/Lab4_Datapath/Lab4_Datapath.srcs/sources_1/new/control.v:23]
INFO: [Synth 8-256] done synthesizing module 'control' (1#1) [C:/Users/HP Useer/Desktop/Lab3_ALU_Naylor_Ojeda/Lab4_Datapath/Lab4_Datapath.srcs/sources_1/new/control.v:23]
WARNING: [Synth 8-689] width (1) of port connection 'ALUCtrl' does not match port width (4) of module 'control' [C:/Users/HP Useer/Desktop/Lab3_ALU_Naylor_Ojeda/Lab4_Datapath/Lab4_Datapath.srcs/sources_1/new/Datapath.v:37]
INFO: [Synth 8-638] synthesizing module 'Instruction_Memory' [C:/Users/HP Useer/Desktop/Lab3_ALU_Naylor_Ojeda/Lab4_Datapath/Lab4_Datapath.srcs/sources_1/imports/Downloads/Instruction_Memory.v:23]

Warning: Trying to implement RAM in registers. Block RAM or DRAM implementation is not possible for one or more of the following reasons :
	1: Unable to determine number of words or word size in RAM. 
	2: No valid read/write found for RAM. 
RAM dissolved into registers
WARNING: [Synth 8-3848] Net imem in module/entity Instruction_Memory does not have driver. [C:/Users/HP Useer/Desktop/Lab3_ALU_Naylor_Ojeda/Lab4_Datapath/Lab4_Datapath.srcs/sources_1/imports/Downloads/Instruction_Memory.v:28]
WARNING: [Synth 8-3848] Net imem in module/entity Instruction_Memory does not have driver. [C:/Users/HP Useer/Desktop/Lab3_ALU_Naylor_Ojeda/Lab4_Datapath/Lab4_Datapath.srcs/sources_1/imports/Downloads/Instruction_Memory.v:28]
WARNING: [Synth 8-3848] Net imem in module/entity Instruction_Memory does not have driver. [C:/Users/HP Useer/Desktop/Lab3_ALU_Naylor_Ojeda/Lab4_Datapath/Lab4_Datapath.srcs/sources_1/imports/Downloads/Instruction_Memory.v:28]
WARNING: [Synth 8-3848] Net imem in module/entity Instruction_Memory does not have driver. [C:/Users/HP Useer/Desktop/Lab3_ALU_Naylor_Ojeda/Lab4_Datapath/Lab4_Datapath.srcs/sources_1/imports/Downloads/Instruction_Memory.v:28]
WARNING: [Synth 8-3848] Net imem in module/entity Instruction_Memory does not have driver. [C:/Users/HP Useer/Desktop/Lab3_ALU_Naylor_Ojeda/Lab4_Datapath/Lab4_Datapath.srcs/sources_1/imports/Downloads/Instruction_Memory.v:28]
WARNING: [Synth 8-3848] Net imem in module/entity Instruction_Memory does not have driver. [C:/Users/HP Useer/Desktop/Lab3_ALU_Naylor_Ojeda/Lab4_Datapath/Lab4_Datapath.srcs/sources_1/imports/Downloads/Instruction_Memory.v:28]
WARNING: [Synth 8-3848] Net imem in module/entity Instruction_Memory does not have driver. [C:/Users/HP Useer/Desktop/Lab3_ALU_Naylor_Ojeda/Lab4_Datapath/Lab4_Datapath.srcs/sources_1/imports/Downloads/Instruction_Memory.v:28]
WARNING: [Synth 8-3848] Net imem in module/entity Instruction_Memory does not have driver. [C:/Users/HP Useer/Desktop/Lab3_ALU_Naylor_Ojeda/Lab4_Datapath/Lab4_Datapath.srcs/sources_1/imports/Downloads/Instruction_Memory.v:28]
WARNING: [Synth 8-3848] Net imem in module/entity Instruction_Memory does not have driver. [C:/Users/HP Useer/Desktop/Lab3_ALU_Naylor_Ojeda/Lab4_Datapath/Lab4_Datapath.srcs/sources_1/imports/Downloads/Instruction_Memory.v:28]
WARNING: [Synth 8-3848] Net imem in module/entity Instruction_Memory does not have driver. [C:/Users/HP Useer/Desktop/Lab3_ALU_Naylor_Ojeda/Lab4_Datapath/Lab4_Datapath.srcs/sources_1/imports/Downloads/Instruction_Memory.v:28]
WARNING: [Synth 8-3848] Net imem in module/entity Instruction_Memory does not have driver. [C:/Users/HP Useer/Desktop/Lab3_ALU_Naylor_Ojeda/Lab4_Datapath/Lab4_Datapath.srcs/sources_1/imports/Downloads/Instruction_Memory.v:28]
WARNING: [Synth 8-3848] Net imem in module/entity Instruction_Memory does not have driver. [C:/Users/HP Useer/Desktop/Lab3_ALU_Naylor_Ojeda/Lab4_Datapath/Lab4_Datapath.srcs/sources_1/imports/Downloads/Instruction_Memory.v:28]
WARNING: [Synth 8-3848] Net imem in module/entity Instruction_Memory does not have driver. [C:/Users/HP Useer/Desktop/Lab3_ALU_Naylor_Ojeda/Lab4_Datapath/Lab4_Datapath.srcs/sources_1/imports/Downloads/Instruction_Memory.v:28]
WARNING: [Synth 8-3848] Net imem in module/entity Instruction_Memory does not have driver. [C:/Users/HP Useer/Desktop/Lab3_ALU_Naylor_Ojeda/Lab4_Datapath/Lab4_Datapath.srcs/sources_1/imports/Downloads/Instruction_Memory.v:28]
WARNING: [Synth 8-3848] Net imem in module/entity Instruction_Memory does not have driver. [C:/Users/HP Useer/Desktop/Lab3_ALU_Naylor_Ojeda/Lab4_Datapath/Lab4_Datapath.srcs/sources_1/imports/Downloads/Instruction_Memory.v:28]
WARNING: [Synth 8-3848] Net imem in module/entity Instruction_Memory does not have driver. [C:/Users/HP Useer/Desktop/Lab3_ALU_Naylor_Ojeda/Lab4_Datapath/Lab4_Datapath.srcs/sources_1/imports/Downloads/Instruction_Memory.v:28]
WARNING: [Synth 8-3848] Net imem in module/entity Instruction_Memory does not have driver. [C:/Users/HP Useer/Desktop/Lab3_ALU_Naylor_Ojeda/Lab4_Datapath/Lab4_Datapath.srcs/sources_1/imports/Downloads/Instruction_Memory.v:28]
WARNING: [Synth 8-3848] Net imem in module/entity Instruction_Memory does not have driver. [C:/Users/HP Useer/Desktop/Lab3_ALU_Naylor_Ojeda/Lab4_Datapath/Lab4_Datapath.srcs/sources_1/imports/Downloads/Instruction_Memory.v:28]
WARNING: [Synth 8-3848] Net imem in module/entity Instruction_Memory does not have driver. [C:/Users/HP Useer/Desktop/Lab3_ALU_Naylor_Ojeda/Lab4_Datapath/Lab4_Datapath.srcs/sources_1/imports/Downloads/Instruction_Memory.v:28]
WARNING: [Synth 8-3848] Net imem in module/entity Instruction_Memory does not have driver. [C:/Users/HP Useer/Desktop/Lab3_ALU_Naylor_Ojeda/Lab4_Datapath/Lab4_Datapath.srcs/sources_1/imports/Downloads/Instruction_Memory.v:28]
WARNING: [Synth 8-3848] Net imem in module/entity Instruction_Memory does not have driver. [C:/Users/HP Useer/Desktop/Lab3_ALU_Naylor_Ojeda/Lab4_Datapath/Lab4_Datapath.srcs/sources_1/imports/Downloads/Instruction_Memory.v:28]
WARNING: [Synth 8-3848] Net imem in module/entity Instruction_Memory does not have driver. [C:/Users/HP Useer/Desktop/Lab3_ALU_Naylor_Ojeda/Lab4_Datapath/Lab4_Datapath.srcs/sources_1/imports/Downloads/Instruction_Memory.v:28]
WARNING: [Synth 8-3848] Net imem in module/entity Instruction_Memory does not have driver. [C:/Users/HP Useer/Desktop/Lab3_ALU_Naylor_Ojeda/Lab4_Datapath/Lab4_Datapath.srcs/sources_1/imports/Downloads/Instruction_Memory.v:28]
WARNING: [Synth 8-3848] Net imem in module/entity Instruction_Memory does not have driver. [C:/Users/HP Useer/Desktop/Lab3_ALU_Naylor_Ojeda/Lab4_Datapath/Lab4_Datapath.srcs/sources_1/imports/Downloads/Instruction_Memory.v:28]
WARNING: [Synth 8-3848] Net imem in module/entity Instruction_Memory does not have driver. [C:/Users/HP Useer/Desktop/Lab3_ALU_Naylor_Ojeda/Lab4_Datapath/Lab4_Datapath.srcs/sources_1/imports/Downloads/Instruction_Memory.v:28]
WARNING: [Synth 8-3848] Net imem in module/entity Instruction_Memory does not have driver. [C:/Users/HP Useer/Desktop/Lab3_ALU_Naylor_Ojeda/Lab4_Datapath/Lab4_Datapath.srcs/sources_1/imports/Downloads/Instruction_Memory.v:28]
WARNING: [Synth 8-3848] Net imem in module/entity Instruction_Memory does not have driver. [C:/Users/HP Useer/Desktop/Lab3_ALU_Naylor_Ojeda/Lab4_Datapath/Lab4_Datapath.srcs/sources_1/imports/Downloads/Instruction_Memory.v:28]
WARNING: [Synth 8-3848] Net imem in module/entity Instruction_Memory does not have driver. [C:/Users/HP Useer/Desktop/Lab3_ALU_Naylor_Ojeda/Lab4_Datapath/Lab4_Datapath.srcs/sources_1/imports/Downloads/Instruction_Memory.v:28]
WARNING: [Synth 8-3848] Net imem in module/entity Instruction_Memory does not have driver. [C:/Users/HP Useer/Desktop/Lab3_ALU_Naylor_Ojeda/Lab4_Datapath/Lab4_Datapath.srcs/sources_1/imports/Downloads/Instruction_Memory.v:28]
WARNING: [Synth 8-3848] Net imem in module/entity Instruction_Memory does not have driver. [C:/Users/HP Useer/Desktop/Lab3_ALU_Naylor_Ojeda/Lab4_Datapath/Lab4_Datapath.srcs/sources_1/imports/Downloads/Instruction_Memory.v:28]
WARNING: [Synth 8-3848] Net imem in module/entity Instruction_Memory does not have driver. [C:/Users/HP Useer/Desktop/Lab3_ALU_Naylor_Ojeda/Lab4_Datapath/Lab4_Datapath.srcs/sources_1/imports/Downloads/Instruction_Memory.v:28]
WARNING: [Synth 8-3848] Net imem in module/entity Instruction_Memory does not have driver. [C:/Users/HP Useer/Desktop/Lab3_ALU_Naylor_Ojeda/Lab4_Datapath/Lab4_Datapath.srcs/sources_1/imports/Downloads/Instruction_Memory.v:28]
WARNING: [Synth 8-3848] Net imem in module/entity Instruction_Memory does not have driver. [C:/Users/HP Useer/Desktop/Lab3_ALU_Naylor_Ojeda/Lab4_Datapath/Lab4_Datapath.srcs/sources_1/imports/Downloads/Instruction_Memory.v:28]
WARNING: [Synth 8-3848] Net imem in module/entity Instruction_Memory does not have driver. [C:/Users/HP Useer/Desktop/Lab3_ALU_Naylor_Ojeda/Lab4_Datapath/Lab4_Datapath.srcs/sources_1/imports/Downloads/Instruction_Memory.v:28]
WARNING: [Synth 8-3848] Net imem in module/entity Instruction_Memory does not have driver. [C:/Users/HP Useer/Desktop/Lab3_ALU_Naylor_Ojeda/Lab4_Datapath/Lab4_Datapath.srcs/sources_1/imports/Downloads/Instruction_Memory.v:28]
WARNING: [Synth 8-3848] Net imem in module/entity Instruction_Memory does not have driver. [C:/Users/HP Useer/Desktop/Lab3_ALU_Naylor_Ojeda/Lab4_Datapath/Lab4_Datapath.srcs/sources_1/imports/Downloads/Instruction_Memory.v:28]
WARNING: [Synth 8-3848] Net imem in module/entity Instruction_Memory does not have driver. [C:/Users/HP Useer/Desktop/Lab3_ALU_Naylor_Ojeda/Lab4_Datapath/Lab4_Datapath.srcs/sources_1/imports/Downloads/Instruction_Memory.v:28]
WARNING: [Synth 8-3848] Net imem in module/entity Instruction_Memory does not have driver. [C:/Users/HP Useer/Desktop/Lab3_ALU_Naylor_Ojeda/Lab4_Datapath/Lab4_Datapath.srcs/sources_1/imports/Downloads/Instruction_Memory.v:28]
WARNING: [Synth 8-3848] Net imem in module/entity Instruction_Memory does not have driver. [C:/Users/HP Useer/Desktop/Lab3_ALU_Naylor_Ojeda/Lab4_Datapath/Lab4_Datapath.srcs/sources_1/imports/Downloads/Instruction_Memory.v:28]
WARNING: [Synth 8-3848] Net imem in module/entity Instruction_Memory does not have driver. [C:/Users/HP Useer/Desktop/Lab3_ALU_Naylor_Ojeda/Lab4_Datapath/Lab4_Datapath.srcs/sources_1/imports/Downloads/Instruction_Memory.v:28]
WARNING: [Synth 8-3848] Net imem in module/entity Instruction_Memory does not have driver. [C:/Users/HP Useer/Desktop/Lab3_ALU_Naylor_Ojeda/Lab4_Datapath/Lab4_Datapath.srcs/sources_1/imports/Downloads/Instruction_Memory.v:28]
WARNING: [Synth 8-3848] Net imem in module/entity Instruction_Memory does not have driver. [C:/Users/HP Useer/Desktop/Lab3_ALU_Naylor_Ojeda/Lab4_Datapath/Lab4_Datapath.srcs/sources_1/imports/Downloads/Instruction_Memory.v:28]
WARNING: [Synth 8-3848] Net imem in module/entity Instruction_Memory does not have driver. [C:/Users/HP Useer/Desktop/Lab3_ALU_Naylor_Ojeda/Lab4_Datapath/Lab4_Datapath.srcs/sources_1/imports/Downloads/Instruction_Memory.v:28]
WARNING: [Synth 8-3848] Net imem in module/entity Instruction_Memory does not have driver. [C:/Users/HP Useer/Desktop/Lab3_ALU_Naylor_Ojeda/Lab4_Datapath/Lab4_Datapath.srcs/sources_1/imports/Downloads/Instruction_Memory.v:28]
WARNING: [Synth 8-3848] Net imem in module/entity Instruction_Memory does not have driver. [C:/Users/HP Useer/Desktop/Lab3_ALU_Naylor_Ojeda/Lab4_Datapath/Lab4_Datapath.srcs/sources_1/imports/Downloads/Instruction_Memory.v:28]
WARNING: [Synth 8-3848] Net imem in module/entity Instruction_Memory does not have driver. [C:/Users/HP Useer/Desktop/Lab3_ALU_Naylor_Ojeda/Lab4_Datapath/Lab4_Datapath.srcs/sources_1/imports/Downloads/Instruction_Memory.v:28]
WARNING: [Synth 8-3848] Net imem in module/entity Instruction_Memory does not have driver. [C:/Users/HP Useer/Desktop/Lab3_ALU_Naylor_Ojeda/Lab4_Datapath/Lab4_Datapath.srcs/sources_1/imports/Downloads/Instruction_Memory.v:28]
WARNING: [Synth 8-3848] Net imem in module/entity Instruction_Memory does not have driver. [C:/Users/HP Useer/Desktop/Lab3_ALU_Naylor_Ojeda/Lab4_Datapath/Lab4_Datapath.srcs/sources_1/imports/Downloads/Instruction_Memory.v:28]
WARNING: [Synth 8-3848] Net imem in module/entity Instruction_Memory does not have driver. [C:/Users/HP Useer/Desktop/Lab3_ALU_Naylor_Ojeda/Lab4_Datapath/Lab4_Datapath.srcs/sources_1/imports/Downloads/Instruction_Memory.v:28]
WARNING: [Synth 8-3848] Net imem in module/entity Instruction_Memory does not have driver. [C:/Users/HP Useer/Desktop/Lab3_ALU_Naylor_Ojeda/Lab4_Datapath/Lab4_Datapath.srcs/sources_1/imports/Downloads/Instruction_Memory.v:28]
WARNING: [Synth 8-3848] Net imem in module/entity Instruction_Memory does not have driver. [C:/Users/HP Useer/Desktop/Lab3_ALU_Naylor_Ojeda/Lab4_Datapath/Lab4_Datapath.srcs/sources_1/imports/Downloads/Instruction_Memory.v:28]
WARNING: [Synth 8-3848] Net imem in module/entity Instruction_Memory does not have driver. [C:/Users/HP Useer/Desktop/Lab3_ALU_Naylor_Ojeda/Lab4_Datapath/Lab4_Datapath.srcs/sources_1/imports/Downloads/Instruction_Memory.v:28]
WARNING: [Synth 8-3848] Net imem in module/entity Instruction_Memory does not have driver. [C:/Users/HP Useer/Desktop/Lab3_ALU_Naylor_Ojeda/Lab4_Datapath/Lab4_Datapath.srcs/sources_1/imports/Downloads/Instruction_Memory.v:28]
WARNING: [Synth 8-3848] Net imem in module/entity Instruction_Memory does not have driver. [C:/Users/HP Useer/Desktop/Lab3_ALU_Naylor_Ojeda/Lab4_Datapath/Lab4_Datapath.srcs/sources_1/imports/Downloads/Instruction_Memory.v:28]
WARNING: [Synth 8-3848] Net imem in module/entity Instruction_Memory does not have driver. [C:/Users/HP Useer/Desktop/Lab3_ALU_Naylor_Ojeda/Lab4_Datapath/Lab4_Datapath.srcs/sources_1/imports/Downloads/Instruction_Memory.v:28]
WARNING: [Synth 8-3848] Net imem in module/entity Instruction_Memory does not have driver. [C:/Users/HP Useer/Desktop/Lab3_ALU_Naylor_Ojeda/Lab4_Datapath/Lab4_Datapath.srcs/sources_1/imports/Downloads/Instruction_Memory.v:28]
WARNING: [Synth 8-3848] Net imem in module/entity Instruction_Memory does not have driver. [C:/Users/HP Useer/Desktop/Lab3_ALU_Naylor_Ojeda/Lab4_Datapath/Lab4_Datapath.srcs/sources_1/imports/Downloads/Instruction_Memory.v:28]
WARNING: [Synth 8-3848] Net imem in module/entity Instruction_Memory does not have driver. [C:/Users/HP Useer/Desktop/Lab3_ALU_Naylor_Ojeda/Lab4_Datapath/Lab4_Datapath.srcs/sources_1/imports/Downloads/Instruction_Memory.v:28]
WARNING: [Synth 8-3848] Net imem in module/entity Instruction_Memory does not have driver. [C:/Users/HP Useer/Desktop/Lab3_ALU_Naylor_Ojeda/Lab4_Datapath/Lab4_Datapath.srcs/sources_1/imports/Downloads/Instruction_Memory.v:28]
WARNING: [Synth 8-3848] Net imem in module/entity Instruction_Memory does not have driver. [C:/Users/HP Useer/Desktop/Lab3_ALU_Naylor_Ojeda/Lab4_Datapath/Lab4_Datapath.srcs/sources_1/imports/Downloads/Instruction_Memory.v:28]
WARNING: [Synth 8-3848] Net imem in module/entity Instruction_Memory does not have driver. [C:/Users/HP Useer/Desktop/Lab3_ALU_Naylor_Ojeda/Lab4_Datapath/Lab4_Datapath.srcs/sources_1/imports/Downloads/Instruction_Memory.v:28]
WARNING: [Synth 8-3848] Net imem in module/entity Instruction_Memory does not have driver. [C:/Users/HP Useer/Desktop/Lab3_ALU_Naylor_Ojeda/Lab4_Datapath/Lab4_Datapath.srcs/sources_1/imports/Downloads/Instruction_Memory.v:28]
WARNING: [Synth 8-3848] Net imem in module/entity Instruction_Memory does not have driver. [C:/Users/HP Useer/Desktop/Lab3_ALU_Naylor_Ojeda/Lab4_Datapath/Lab4_Datapath.srcs/sources_1/imports/Downloads/Instruction_Memory.v:28]
WARNING: [Synth 8-3848] Net imem in module/entity Instruction_Memory does not have driver. [C:/Users/HP Useer/Desktop/Lab3_ALU_Naylor_Ojeda/Lab4_Datapath/Lab4_Datapath.srcs/sources_1/imports/Downloads/Instruction_Memory.v:28]
WARNING: [Synth 8-3848] Net imem in module/entity Instruction_Memory does not have driver. [C:/Users/HP Useer/Desktop/Lab3_ALU_Naylor_Ojeda/Lab4_Datapath/Lab4_Datapath.srcs/sources_1/imports/Downloads/Instruction_Memory.v:28]
WARNING: [Synth 8-3848] Net imem in module/entity Instruction_Memory does not have driver. [C:/Users/HP Useer/Desktop/Lab3_ALU_Naylor_Ojeda/Lab4_Datapath/Lab4_Datapath.srcs/sources_1/imports/Downloads/Instruction_Memory.v:28]
WARNING: [Synth 8-3848] Net imem in module/entity Instruction_Memory does not have driver. [C:/Users/HP Useer/Desktop/Lab3_ALU_Naylor_Ojeda/Lab4_Datapath/Lab4_Datapath.srcs/sources_1/imports/Downloads/Instruction_Memory.v:28]
WARNING: [Synth 8-3848] Net imem in module/entity Instruction_Memory does not have driver. [C:/Users/HP Useer/Desktop/Lab3_ALU_Naylor_Ojeda/Lab4_Datapath/Lab4_Datapath.srcs/sources_1/imports/Downloads/Instruction_Memory.v:28]
WARNING: [Synth 8-3848] Net imem in module/entity Instruction_Memory does not have driver. [C:/Users/HP Useer/Desktop/Lab3_ALU_Naylor_Ojeda/Lab4_Datapath/Lab4_Datapath.srcs/sources_1/imports/Downloads/Instruction_Memory.v:28]
WARNING: [Synth 8-3848] Net imem in module/entity Instruction_Memory does not have driver. [C:/Users/HP Useer/Desktop/Lab3_ALU_Naylor_Ojeda/Lab4_Datapath/Lab4_Datapath.srcs/sources_1/imports/Downloads/Instruction_Memory.v:28]
WARNING: [Synth 8-3848] Net imem in module/entity Instruction_Memory does not have driver. [C:/Users/HP Useer/Desktop/Lab3_ALU_Naylor_Ojeda/Lab4_Datapath/Lab4_Datapath.srcs/sources_1/imports/Downloads/Instruction_Memory.v:28]
WARNING: [Synth 8-3848] Net imem in module/entity Instruction_Memory does not have driver. [C:/Users/HP Useer/Desktop/Lab3_ALU_Naylor_Ojeda/Lab4_Datapath/Lab4_Datapath.srcs/sources_1/imports/Downloads/Instruction_Memory.v:28]
WARNING: [Synth 8-3848] Net imem in module/entity Instruction_Memory does not have driver. [C:/Users/HP Useer/Desktop/Lab3_ALU_Naylor_Ojeda/Lab4_Datapath/Lab4_Datapath.srcs/sources_1/imports/Downloads/Instruction_Memory.v:28]
WARNING: [Synth 8-3848] Net imem in module/entity Instruction_Memory does not have driver. [C:/Users/HP Useer/Desktop/Lab3_ALU_Naylor_Ojeda/Lab4_Datapath/Lab4_Datapath.srcs/sources_1/imports/Downloads/Instruction_Memory.v:28]
WARNING: [Synth 8-3848] Net imem in module/entity Instruction_Memory does not have driver. [C:/Users/HP Useer/Desktop/Lab3_ALU_Naylor_Ojeda/Lab4_Datapath/Lab4_Datapath.srcs/sources_1/imports/Downloads/Instruction_Memory.v:28]
WARNING: [Synth 8-3848] Net imem in module/entity Instruction_Memory does not have driver. [C:/Users/HP Useer/Desktop/Lab3_ALU_Naylor_Ojeda/Lab4_Datapath/Lab4_Datapath.srcs/sources_1/imports/Downloads/Instruction_Memory.v:28]
WARNING: [Synth 8-3848] Net imem in module/entity Instruction_Memory does not have driver. [C:/Users/HP Useer/Desktop/Lab3_ALU_Naylor_Ojeda/Lab4_Datapath/Lab4_Datapath.srcs/sources_1/imports/Downloads/Instruction_Memory.v:28]
WARNING: [Synth 8-3848] Net imem in module/entity Instruction_Memory does not have driver. [C:/Users/HP Useer/Desktop/Lab3_ALU_Naylor_Ojeda/Lab4_Datapath/Lab4_Datapath.srcs/sources_1/imports/Downloads/Instruction_Memory.v:28]
WARNING: [Synth 8-3848] Net imem in module/entity Instruction_Memory does not have driver. [C:/Users/HP Useer/Desktop/Lab3_ALU_Naylor_Ojeda/Lab4_Datapath/Lab4_Datapath.srcs/sources_1/imports/Downloads/Instruction_Memory.v:28]
WARNING: [Synth 8-3848] Net imem in module/entity Instruction_Memory does not have driver. [C:/Users/HP Useer/Desktop/Lab3_ALU_Naylor_Ojeda/Lab4_Datapath/Lab4_Datapath.srcs/sources_1/imports/Downloads/Instruction_Memory.v:28]
WARNING: [Synth 8-3848] Net imem in module/entity Instruction_Memory does not have driver. [C:/Users/HP Useer/Desktop/Lab3_ALU_Naylor_Ojeda/Lab4_Datapath/Lab4_Datapath.srcs/sources_1/imports/Downloads/Instruction_Memory.v:28]
WARNING: [Synth 8-3848] Net imem in module/entity Instruction_Memory does not have driver. [C:/Users/HP Useer/Desktop/Lab3_ALU_Naylor_Ojeda/Lab4_Datapath/Lab4_Datapath.srcs/sources_1/imports/Downloads/Instruction_Memory.v:28]
WARNING: [Synth 8-3848] Net imem in module/entity Instruction_Memory does not have driver. [C:/Users/HP Useer/Desktop/Lab3_ALU_Naylor_Ojeda/Lab4_Datapath/Lab4_Datapath.srcs/sources_1/imports/Downloads/Instruction_Memory.v:28]
WARNING: [Synth 8-3848] Net imem in module/entity Instruction_Memory does not have driver. [C:/Users/HP Useer/Desktop/Lab3_ALU_Naylor_Ojeda/Lab4_Datapath/Lab4_Datapath.srcs/sources_1/imports/Downloads/Instruction_Memory.v:28]
WARNING: [Synth 8-3848] Net imem in module/entity Instruction_Memory does not have driver. [C:/Users/HP Useer/Desktop/Lab3_ALU_Naylor_Ojeda/Lab4_Datapath/Lab4_Datapath.srcs/sources_1/imports/Downloads/Instruction_Memory.v:28]
WARNING: [Synth 8-3848] Net imem in module/entity Instruction_Memory does not have driver. [C:/Users/HP Useer/Desktop/Lab3_ALU_Naylor_Ojeda/Lab4_Datapath/Lab4_Datapath.srcs/sources_1/imports/Downloads/Instruction_Memory.v:28]
WARNING: [Synth 8-3848] Net imem in module/entity Instruction_Memory does not have driver. [C:/Users/HP Useer/Desktop/Lab3_ALU_Naylor_Ojeda/Lab4_Datapath/Lab4_Datapath.srcs/sources_1/imports/Downloads/Instruction_Memory.v:28]
WARNING: [Synth 8-3848] Net imem in module/entity Instruction_Memory does not have driver. [C:/Users/HP Useer/Desktop/Lab3_ALU_Naylor_Ojeda/Lab4_Datapath/Lab4_Datapath.srcs/sources_1/imports/Downloads/Instruction_Memory.v:28]
WARNING: [Synth 8-3848] Net imem in module/entity Instruction_Memory does not have driver. [C:/Users/HP Useer/Desktop/Lab3_ALU_Naylor_Ojeda/Lab4_Datapath/Lab4_Datapath.srcs/sources_1/imports/Downloads/Instruction_Memory.v:28]
WARNING: [Synth 8-3848] Net imem in module/entity Instruction_Memory does not have driver. [C:/Users/HP Useer/Desktop/Lab3_ALU_Naylor_Ojeda/Lab4_Datapath/Lab4_Datapath.srcs/sources_1/imports/Downloads/Instruction_Memory.v:28]
WARNING: [Synth 8-3848] Net imem in module/entity Instruction_Memory does not have driver. [C:/Users/HP Useer/Desktop/Lab3_ALU_Naylor_Ojeda/Lab4_Datapath/Lab4_Datapath.srcs/sources_1/imports/Downloads/Instruction_Memory.v:28]
WARNING: [Synth 8-3848] Net imem in module/entity Instruction_Memory does not have driver. [C:/Users/HP Useer/Desktop/Lab3_ALU_Naylor_Ojeda/Lab4_Datapath/Lab4_Datapath.srcs/sources_1/imports/Downloads/Instruction_Memory.v:28]
WARNING: [Synth 8-3848] Net imem in module/entity Instruction_Memory does not have driver. [C:/Users/HP Useer/Desktop/Lab3_ALU_Naylor_Ojeda/Lab4_Datapath/Lab4_Datapath.srcs/sources_1/imports/Downloads/Instruction_Memory.v:28]
WARNING: [Synth 8-3848] Net imem in module/entity Instruction_Memory does not have driver. [C:/Users/HP Useer/Desktop/Lab3_ALU_Naylor_Ojeda/Lab4_Datapath/Lab4_Datapath.srcs/sources_1/imports/Downloads/Instruction_Memory.v:28]
WARNING: [Synth 8-3848] Net imem in module/entity Instruction_Memory does not have driver. [C:/Users/HP Useer/Desktop/Lab3_ALU_Naylor_Ojeda/Lab4_Datapath/Lab4_Datapath.srcs/sources_1/imports/Downloads/Instruction_Memory.v:28]
WARNING: [Synth 8-3848] Net imem in module/entity Instruction_Memory does not have driver. [C:/Users/HP Useer/Desktop/Lab3_ALU_Naylor_Ojeda/Lab4_Datapath/Lab4_Datapath.srcs/sources_1/imports/Downloads/Instruction_Memory.v:28]
WARNING: [Synth 8-3848] Net imem in module/entity Instruction_Memory does not have driver. [C:/Users/HP Useer/Desktop/Lab3_ALU_Naylor_Ojeda/Lab4_Datapath/Lab4_Datapath.srcs/sources_1/imports/Downloads/Instruction_Memory.v:28]
WARNING: [Synth 8-3848] Net imem in module/entity Instruction_Memory does not have driver. [C:/Users/HP Useer/Desktop/Lab3_ALU_Naylor_Ojeda/Lab4_Datapath/Lab4_Datapath.srcs/sources_1/imports/Downloads/Instruction_Memory.v:28]
WARNING: [Synth 8-3848] Net imem in module/entity Instruction_Memory does not have driver. [C:/Users/HP Useer/Desktop/Lab3_ALU_Naylor_Ojeda/Lab4_Datapath/Lab4_Datapath.srcs/sources_1/imports/Downloads/Instruction_Memory.v:28]
WARNING: [Synth 8-3848] Net imem in module/entity Instruction_Memory does not have driver. [C:/Users/HP Useer/Desktop/Lab3_ALU_Naylor_Ojeda/Lab4_Datapath/Lab4_Datapath.srcs/sources_1/imports/Downloads/Instruction_Memory.v:28]
INFO: [Common 17-14] Message 'Synth 8-3848' appears 100 times and further instances of the messages will be disabled. Use the Tcl command set_msg_config to change the current settings.
INFO: [Synth 8-256] done synthesizing module 'Instruction_Memory' (2#1) [C:/Users/HP Useer/Desktop/Lab3_ALU_Naylor_Ojeda/Lab4_Datapath/Lab4_Datapath.srcs/sources_1/imports/Downloads/Instruction_Memory.v:23]
INFO: [Synth 8-638] synthesizing module 'regfile32' [C:/Users/HP Useer/Desktop/Lab3_ALU_Naylor_Ojeda/Lab4_Datapath/Lab4_Datapath.srcs/sources_1/imports/Downloads/regfile32.v:23]
WARNING: [Synth 8-5788] Register regArray_reg[1] in module regfile32 is has both Set and reset with same priority. This may cause simulation mismatches. Consider rewriting code  [C:/Users/HP Useer/Desktop/Lab3_ALU_Naylor_Ojeda/Lab4_Datapath/Lab4_Datapath.srcs/sources_1/imports/Downloads/regfile32.v:39]
WARNING: [Synth 8-5788] Register regArray_reg[2] in module regfile32 is has both Set and reset with same priority. This may cause simulation mismatches. Consider rewriting code  [C:/Users/HP Useer/Desktop/Lab3_ALU_Naylor_Ojeda/Lab4_Datapath/Lab4_Datapath.srcs/sources_1/imports/Downloads/regfile32.v:39]
WARNING: [Synth 8-5788] Register regArray_reg[3] in module regfile32 is has both Set and reset with same priority. This may cause simulation mismatches. Consider rewriting code  [C:/Users/HP Useer/Desktop/Lab3_ALU_Naylor_Ojeda/Lab4_Datapath/Lab4_Datapath.srcs/sources_1/imports/Downloads/regfile32.v:39]
WARNING: [Synth 8-5788] Register regArray_reg[4] in module regfile32 is has both Set and reset with same priority. This may cause simulation mismatches. Consider rewriting code  [C:/Users/HP Useer/Desktop/Lab3_ALU_Naylor_Ojeda/Lab4_Datapath/Lab4_Datapath.srcs/sources_1/imports/Downloads/regfile32.v:39]
WARNING: [Synth 8-5788] Register regArray_reg[5] in module regfile32 is has both Set and reset with same priority. This may cause simulation mismatches. Consider rewriting code  [C:/Users/HP Useer/Desktop/Lab3_ALU_Naylor_Ojeda/Lab4_Datapath/Lab4_Datapath.srcs/sources_1/imports/Downloads/regfile32.v:39]
WARNING: [Synth 8-5788] Register regArray_reg[6] in module regfile32 is has both Set and reset with same priority. This may cause simulation mismatches. Consider rewriting code  [C:/Users/HP Useer/Desktop/Lab3_ALU_Naylor_Ojeda/Lab4_Datapath/Lab4_Datapath.srcs/sources_1/imports/Downloads/regfile32.v:39]
WARNING: [Synth 8-5788] Register regArray_reg[7] in module regfile32 is has both Set and reset with same priority. This may cause simulation mismatches. Consider rewriting code  [C:/Users/HP Useer/Desktop/Lab3_ALU_Naylor_Ojeda/Lab4_Datapath/Lab4_Datapath.srcs/sources_1/imports/Downloads/regfile32.v:39]
WARNING: [Synth 8-5788] Register regArray_reg[8] in module regfile32 is has both Set and reset with same priority. This may cause simulation mismatches. Consider rewriting code  [C:/Users/HP Useer/Desktop/Lab3_ALU_Naylor_Ojeda/Lab4_Datapath/Lab4_Datapath.srcs/sources_1/imports/Downloads/regfile32.v:39]
WARNING: [Synth 8-5788] Register regArray_reg[9] in module regfile32 is has both Set and reset with same priority. This may cause simulation mismatches. Consider rewriting code  [C:/Users/HP Useer/Desktop/Lab3_ALU_Naylor_Ojeda/Lab4_Datapath/Lab4_Datapath.srcs/sources_1/imports/Downloads/regfile32.v:39]
WARNING: [Synth 8-5788] Register regArray_reg[10] in module regfile32 is has both Set and reset with same priority. This may cause simulation mismatches. Consider rewriting code  [C:/Users/HP Useer/Desktop/Lab3_ALU_Naylor_Ojeda/Lab4_Datapath/Lab4_Datapath.srcs/sources_1/imports/Downloads/regfile32.v:39]
WARNING: [Synth 8-5788] Register regArray_reg[11] in module regfile32 is has both Set and reset with same priority. This may cause simulation mismatches. Consider rewriting code  [C:/Users/HP Useer/Desktop/Lab3_ALU_Naylor_Ojeda/Lab4_Datapath/Lab4_Datapath.srcs/sources_1/imports/Downloads/regfile32.v:39]
WARNING: [Synth 8-5788] Register regArray_reg[12] in module regfile32 is has both Set and reset with same priority. This may cause simulation mismatches. Consider rewriting code  [C:/Users/HP Useer/Desktop/Lab3_ALU_Naylor_Ojeda/Lab4_Datapath/Lab4_Datapath.srcs/sources_1/imports/Downloads/regfile32.v:39]
WARNING: [Synth 8-5788] Register regArray_reg[13] in module regfile32 is has both Set and reset with same priority. This may cause simulation mismatches. Consider rewriting code  [C:/Users/HP Useer/Desktop/Lab3_ALU_Naylor_Ojeda/Lab4_Datapath/Lab4_Datapath.srcs/sources_1/imports/Downloads/regfile32.v:39]
WARNING: [Synth 8-5788] Register regArray_reg[14] in module regfile32 is has both Set and reset with same priority. This may cause simulation mismatches. Consider rewriting code  [C:/Users/HP Useer/Desktop/Lab3_ALU_Naylor_Ojeda/Lab4_Datapath/Lab4_Datapath.srcs/sources_1/imports/Downloads/regfile32.v:39]
WARNING: [Synth 8-5788] Register regArray_reg[15] in module regfile32 is has both Set and reset with same priority. This may cause simulation mismatches. Consider rewriting code  [C:/Users/HP Useer/Desktop/Lab3_ALU_Naylor_Ojeda/Lab4_Datapath/Lab4_Datapath.srcs/sources_1/imports/Downloads/regfile32.v:39]
WARNING: [Synth 8-5788] Register regArray_reg[16] in module regfile32 is has both Set and reset with same priority. This may cause simulation mismatches. Consider rewriting code  [C:/Users/HP Useer/Desktop/Lab3_ALU_Naylor_Ojeda/Lab4_Datapath/Lab4_Datapath.srcs/sources_1/imports/Downloads/regfile32.v:39]
WARNING: [Synth 8-5788] Register regArray_reg[17] in module regfile32 is has both Set and reset with same priority. This may cause simulation mismatches. Consider rewriting code  [C:/Users/HP Useer/Desktop/Lab3_ALU_Naylor_Ojeda/Lab4_Datapath/Lab4_Datapath.srcs/sources_1/imports/Downloads/regfile32.v:39]
WARNING: [Synth 8-5788] Register regArray_reg[18] in module regfile32 is has both Set and reset with same priority. This may cause simulation mismatches. Consider rewriting code  [C:/Users/HP Useer/Desktop/Lab3_ALU_Naylor_Ojeda/Lab4_Datapath/Lab4_Datapath.srcs/sources_1/imports/Downloads/regfile32.v:39]
WARNING: [Synth 8-5788] Register regArray_reg[19] in module regfile32 is has both Set and reset with same priority. This may cause simulation mismatches. Consider rewriting code  [C:/Users/HP Useer/Desktop/Lab3_ALU_Naylor_Ojeda/Lab4_Datapath/Lab4_Datapath.srcs/sources_1/imports/Downloads/regfile32.v:39]
WARNING: [Synth 8-5788] Register regArray_reg[20] in module regfile32 is has both Set and reset with same priority. This may cause simulation mismatches. Consider rewriting code  [C:/Users/HP Useer/Desktop/Lab3_ALU_Naylor_Ojeda/Lab4_Datapath/Lab4_Datapath.srcs/sources_1/imports/Downloads/regfile32.v:39]
WARNING: [Synth 8-5788] Register regArray_reg[21] in module regfile32 is has both Set and reset with same priority. This may cause simulation mismatches. Consider rewriting code  [C:/Users/HP Useer/Desktop/Lab3_ALU_Naylor_Ojeda/Lab4_Datapath/Lab4_Datapath.srcs/sources_1/imports/Downloads/regfile32.v:39]
WARNING: [Synth 8-5788] Register regArray_reg[22] in module regfile32 is has both Set and reset with same priority. This may cause simulation mismatches. Consider rewriting code  [C:/Users/HP Useer/Desktop/Lab3_ALU_Naylor_Ojeda/Lab4_Datapath/Lab4_Datapath.srcs/sources_1/imports/Downloads/regfile32.v:39]
WARNING: [Synth 8-5788] Register regArray_reg[23] in module regfile32 is has both Set and reset with same priority. This may cause simulation mismatches. Consider rewriting code  [C:/Users/HP Useer/Desktop/Lab3_ALU_Naylor_Ojeda/Lab4_Datapath/Lab4_Datapath.srcs/sources_1/imports/Downloads/regfile32.v:39]
WARNING: [Synth 8-5788] Register regArray_reg[24] in module regfile32 is has both Set and reset with same priority. This may cause simulation mismatches. Consider rewriting code  [C:/Users/HP Useer/Desktop/Lab3_ALU_Naylor_Ojeda/Lab4_Datapath/Lab4_Datapath.srcs/sources_1/imports/Downloads/regfile32.v:39]
WARNING: [Synth 8-5788] Register regArray_reg[25] in module regfile32 is has both Set and reset with same priority. This may cause simulation mismatches. Consider rewriting code  [C:/Users/HP Useer/Desktop/Lab3_ALU_Naylor_Ojeda/Lab4_Datapath/Lab4_Datapath.srcs/sources_1/imports/Downloads/regfile32.v:39]
WARNING: [Synth 8-5788] Register regArray_reg[26] in module regfile32 is has both Set and reset with same priority. This may cause simulation mismatches. Consider rewriting code  [C:/Users/HP Useer/Desktop/Lab3_ALU_Naylor_Ojeda/Lab4_Datapath/Lab4_Datapath.srcs/sources_1/imports/Downloads/regfile32.v:39]
WARNING: [Synth 8-5788] Register regArray_reg[27] in module regfile32 is has both Set and reset with same priority. This may cause simulation mismatches. Consider rewriting code  [C:/Users/HP Useer/Desktop/Lab3_ALU_Naylor_Ojeda/Lab4_Datapath/Lab4_Datapath.srcs/sources_1/imports/Downloads/regfile32.v:39]
WARNING: [Synth 8-5788] Register regArray_reg[28] in module regfile32 is has both Set and reset with same priority. This may cause simulation mismatches. Consider rewriting code  [C:/Users/HP Useer/Desktop/Lab3_ALU_Naylor_Ojeda/Lab4_Datapath/Lab4_Datapath.srcs/sources_1/imports/Downloads/regfile32.v:39]
WARNING: [Synth 8-5788] Register regArray_reg[29] in module regfile32 is has both Set and reset with same priority. This may cause simulation mismatches. Consider rewriting code  [C:/Users/HP Useer/Desktop/Lab3_ALU_Naylor_Ojeda/Lab4_Datapath/Lab4_Datapath.srcs/sources_1/imports/Downloads/regfile32.v:39]
WARNING: [Synth 8-5788] Register regArray_reg[30] in module regfile32 is has both Set and reset with same priority. This may cause simulation mismatches. Consider rewriting code  [C:/Users/HP Useer/Desktop/Lab3_ALU_Naylor_Ojeda/Lab4_Datapath/Lab4_Datapath.srcs/sources_1/imports/Downloads/regfile32.v:39]
WARNING: [Synth 8-5788] Register regArray_reg[31] in module regfile32 is has both Set and reset with same priority. This may cause simulation mismatches. Consider rewriting code  [C:/Users/HP Useer/Desktop/Lab3_ALU_Naylor_Ojeda/Lab4_Datapath/Lab4_Datapath.srcs/sources_1/imports/Downloads/regfile32.v:39]
INFO: [Synth 8-256] done synthesizing module 'regfile32' (3#1) [C:/Users/HP Useer/Desktop/Lab3_ALU_Naylor_Ojeda/Lab4_Datapath/Lab4_Datapath.srcs/sources_1/imports/Downloads/regfile32.v:23]
INFO: [Synth 8-638] synthesizing module 'PCADD' [C:/Users/HP Useer/Desktop/Lab3_ALU_Naylor_Ojeda/Lab4_Datapath/Lab4_Datapath.srcs/sources_1/new/PCADD.v:23]
INFO: [Synth 8-256] done synthesizing module 'PCADD' (4#1) [C:/Users/HP Useer/Desktop/Lab3_ALU_Naylor_Ojeda/Lab4_Datapath/Lab4_Datapath.srcs/sources_1/new/PCADD.v:23]
INFO: [Synth 8-638] synthesizing module 'PC' [C:/Users/HP Useer/Desktop/Lab3_ALU_Naylor_Ojeda/Lab4_Datapath/Lab4_Datapath.srcs/sources_1/new/PC.v:23]
INFO: [Synth 8-256] done synthesizing module 'PC' (5#1) [C:/Users/HP Useer/Desktop/Lab3_ALU_Naylor_Ojeda/Lab4_Datapath/Lab4_Datapath.srcs/sources_1/new/PC.v:23]
INFO: [Synth 8-638] synthesizing module 'ALU' [C:/Users/HP Useer/Desktop/Lab3_ALU_Naylor_Ojeda/Lab4_Datapath/Lab4_Datapath.srcs/sources_1/imports/new/ALU.v:23]
WARNING: [Synth 8-151] case item 4'b0111 is unreachable [C:/Users/HP Useer/Desktop/Lab3_ALU_Naylor_Ojeda/Lab4_Datapath/Lab4_Datapath.srcs/sources_1/imports/new/ALU.v:36]
WARNING: [Synth 8-151] case item 4'b1101 is unreachable [C:/Users/HP Useer/Desktop/Lab3_ALU_Naylor_Ojeda/Lab4_Datapath/Lab4_Datapath.srcs/sources_1/imports/new/ALU.v:36]
INFO: [Synth 8-256] done synthesizing module 'ALU' (6#1) [C:/Users/HP Useer/Desktop/Lab3_ALU_Naylor_Ojeda/Lab4_Datapath/Lab4_Datapath.srcs/sources_1/imports/new/ALU.v:23]
WARNING: [Synth 8-689] width (1) of port connection 'ALUctrl' does not match port width (4) of module 'ALU' [C:/Users/HP Useer/Desktop/Lab3_ALU_Naylor_Ojeda/Lab4_Datapath/Lab4_Datapath.srcs/sources_1/new/Datapath.v:42]
INFO: [Synth 8-256] done synthesizing module 'Datapath' (7#1) [C:/Users/HP Useer/Desktop/Lab3_ALU_Naylor_Ojeda/Lab4_Datapath/Lab4_Datapath.srcs/sources_1/new/Datapath.v:23]
WARNING: [Synth 8-3331] design Instruction_Memory has unconnected port Addr[31]
WARNING: [Synth 8-3331] design Instruction_Memory has unconnected port Addr[30]
WARNING: [Synth 8-3331] design Instruction_Memory has unconnected port Addr[29]
WARNING: [Synth 8-3331] design Instruction_Memory has unconnected port Addr[28]
WARNING: [Synth 8-3331] design Instruction_Memory has unconnected port Addr[27]
WARNING: [Synth 8-3331] design Instruction_Memory has unconnected port Addr[26]
WARNING: [Synth 8-3331] design Instruction_Memory has unconnected port Addr[25]
WARNING: [Synth 8-3331] design Instruction_Memory has unconnected port Addr[24]
WARNING: [Synth 8-3331] design Instruction_Memory has unconnected port Addr[23]
WARNING: [Synth 8-3331] design Instruction_Memory has unconnected port Addr[22]
WARNING: [Synth 8-3331] design Instruction_Memory has unconnected port Addr[21]
WARNING: [Synth 8-3331] design Instruction_Memory has unconnected port Addr[20]
WARNING: [Synth 8-3331] design Instruction_Memory has unconnected port Addr[19]
WARNING: [Synth 8-3331] design Instruction_Memory has unconnected port Addr[18]
WARNING: [Synth 8-3331] design Instruction_Memory has unconnected port Addr[17]
WARNING: [Synth 8-3331] design Instruction_Memory has unconnected port Addr[16]
WARNING: [Synth 8-3331] design Instruction_Memory has unconnected port Addr[15]
WARNING: [Synth 8-3331] design Instruction_Memory has unconnected port Addr[14]
WARNING: [Synth 8-3331] design Instruction_Memory has unconnected port Addr[13]
WARNING: [Synth 8-3331] design Instruction_Memory has unconnected port Addr[12]
WARNING: [Synth 8-3331] design Instruction_Memory has unconnected port Addr[1]
WARNING: [Synth 8-3331] design Instruction_Memory has unconnected port Addr[0]
---------------------------------------------------------------------------------
Finished Synthesize : Time (s): cpu = 00:00:13 ; elapsed = 00:00:28 . Memory (MB): peak = 374.996 ; gain = 168.289
---------------------------------------------------------------------------------
---------------------------------------------------------------------------------
Finished Constraint Validation : Time (s): cpu = 00:00:15 ; elapsed = 00:00:30 . Memory (MB): peak = 374.996 ; gain = 168.289
---------------------------------------------------------------------------------
---------------------------------------------------------------------------------
Start Loading Part and Timing Information
---------------------------------------------------------------------------------
Loading part: xc7k70tfbv676-1
---------------------------------------------------------------------------------
Finished Loading Part and Timing Information : Time (s): cpu = 00:00:15 ; elapsed = 00:00:30 . Memory (MB): peak = 374.996 ; gain = 168.289
---------------------------------------------------------------------------------
INFO: [Device 21-403] Loading part xc7k70tfbv676-1
INFO: [Synth 8-5546] ROM "RegWrite" won't be mapped to RAM because it is too sparse
INFO: [Synth 8-5546] ROM "regArray_reg[0]" won't be mapped to RAM because it is too sparse
INFO: [Synth 8-5546] ROM "regArray_reg[1]" won't be mapped to RAM because it is too sparse
INFO: [Synth 8-5546] ROM "regArray_reg[2]" won't be mapped to RAM because it is too sparse
INFO: [Synth 8-5546] ROM "regArray_reg[3]" won't be mapped to RAM because it is too sparse
INFO: [Synth 8-5546] ROM "regArray_reg[4]" won't be mapped to RAM because it is too sparse
INFO: [Synth 8-5546] ROM "regArray_reg[5]" won't be mapped to RAM because it is too sparse
INFO: [Synth 8-5546] ROM "regArray_reg[6]" won't be mapped to RAM because it is too sparse
INFO: [Synth 8-5546] ROM "regArray_reg[7]" won't be mapped to RAM because it is too sparse
INFO: [Synth 8-5546] ROM "regArray_reg[8]" won't be mapped to RAM because it is too sparse
INFO: [Synth 8-5546] ROM "regArray_reg[9]" won't be mapped to RAM because it is too sparse
INFO: [Synth 8-5546] ROM "regArray_reg[10]" won't be mapped to RAM because it is too sparse
INFO: [Synth 8-5546] ROM "regArray_reg[11]" won't be mapped to RAM because it is too sparse
INFO: [Synth 8-5546] ROM "regArray_reg[12]" won't be mapped to RAM because it is too sparse
INFO: [Synth 8-5546] ROM "regArray_reg[13]" won't be mapped to RAM because it is too sparse
INFO: [Synth 8-5546] ROM "regArray_reg[14]" won't be mapped to RAM because it is too sparse
INFO: [Synth 8-5546] ROM "regArray_reg[15]" won't be mapped to RAM because it is too sparse
INFO: [Synth 8-5546] ROM "regArray_reg[16]" won't be mapped to RAM because it is too sparse
INFO: [Synth 8-5546] ROM "regArray_reg[17]" won't be mapped to RAM because it is too sparse
INFO: [Synth 8-5546] ROM "regArray_reg[18]" won't be mapped to RAM because it is too sparse
INFO: [Synth 8-5546] ROM "regArray_reg[19]" won't be mapped to RAM because it is too sparse
INFO: [Synth 8-5546] ROM "regArray_reg[20]" won't be mapped to RAM because it is too sparse
INFO: [Synth 8-5546] ROM "regArray_reg[21]" won't be mapped to RAM because it is too sparse
INFO: [Synth 8-5546] ROM "regArray_reg[22]" won't be mapped to RAM because it is too sparse
INFO: [Synth 8-5546] ROM "regArray_reg[23]" won't be mapped to RAM because it is too sparse
INFO: [Synth 8-5546] ROM "regArray_reg[24]" won't be mapped to RAM because it is too sparse
INFO: [Synth 8-5546] ROM "regArray_reg[25]" won't be mapped to RAM because it is too sparse
INFO: [Synth 8-5546] ROM "regArray_reg[26]" won't be mapped to RAM because it is too sparse
INFO: [Synth 8-5546] ROM "regArray_reg[27]" won't be mapped to RAM because it is too sparse
INFO: [Synth 8-5546] ROM "regArray_reg[28]" won't be mapped to RAM because it is too sparse
INFO: [Synth 8-5546] ROM "regArray_reg[29]" won't be mapped to RAM because it is too sparse
INFO: [Synth 8-5546] ROM "regArray_reg[30]" won't be mapped to RAM because it is too sparse
INFO: [Synth 8-5546] ROM "regArray_reg[31]" won't be mapped to RAM because it is too sparse
INFO: [Synth 8-5545] ROM "Z" won't be mapped to RAM because address size (32) is larger than maximum supported(25)
---------------------------------------------------------------------------------
Finished RTL Optimization Phase 2 : Time (s): cpu = 00:00:40 ; elapsed = 00:00:51 . Memory (MB): peak = 541.125 ; gain = 334.418
---------------------------------------------------------------------------------

Report RTL Partitions: 
+------+--------------+------------+----------+
|      |RTL Partition |Replication |Instances |
+------+--------------+------------+----------+
|1     |muxpart       |           1|     32760|
|2     |muxpart__1    |           1|     32760|
|3     |muxpart__2    |           1|     32760|
|4     |muxpart__3    |           1|     32760|
|5     |Datapath__GC0 |           1|      4315|
+------+--------------+------------+----------+
No constraint files found.
---------------------------------------------------------------------------------
Start RTL Component Statistics 
---------------------------------------------------------------------------------
Detailed RTL Component Info : 
+---Adders : 
	   2 Input     33 Bit       Adders := 1     
	   3 Input     33 Bit       Adders := 1     
	   2 Input     32 Bit       Adders := 1     
+---XORs : 
	   2 Input     32 Bit         XORs := 1     
+---Registers : 
	               32 Bit    Registers := 33    
+---Muxes : 
	   2 Input      4 Bit        Muxes := 1     
	  11 Input      4 Bit        Muxes := 1     
	   2 Input      1 Bit        Muxes := 34    
	  12 Input      1 Bit        Muxes := 1     
---------------------------------------------------------------------------------
Finished RTL Component Statistics 
---------------------------------------------------------------------------------
---------------------------------------------------------------------------------
Start RTL Hierarchical Component Statistics 
---------------------------------------------------------------------------------
Hierarchical RTL Component report 
Module control 
Detailed RTL Component Info : 
+---Muxes : 
	   2 Input      4 Bit        Muxes := 1     
	  11 Input      4 Bit        Muxes := 1     
	   2 Input      1 Bit        Muxes := 1     
Module regfile32 
Detailed RTL Component Info : 
+---Registers : 
	               32 Bit    Registers := 32    
+---Muxes : 
	   2 Input      1 Bit        Muxes := 32    
Module PCADD 
Detailed RTL Component Info : 
+---Adders : 
	   2 Input     32 Bit       Adders := 1     
Module PC 
Detailed RTL Component Info : 
+---Registers : 
	               32 Bit    Registers := 1     
Module ALU 
Detailed RTL Component Info : 
+---Adders : 
	   2 Input     33 Bit       Adders := 1     
	   3 Input     33 Bit       Adders := 1     
+---XORs : 
	   2 Input     32 Bit         XORs := 1     
+---Muxes : 
	  12 Input      1 Bit        Muxes := 1     
	   2 Input      1 Bit        Muxes := 1     
---------------------------------------------------------------------------------
Finished RTL Hierarchical Component Statistics
---------------------------------------------------------------------------------
---------------------------------------------------------------------------------
Start Part Resource Summary
---------------------------------------------------------------------------------
Part Resources:
DSPs: 240 (col length:80)
BRAMs: 270 (col length: RAMB18 80 RAMB36 40)
---------------------------------------------------------------------------------
Finished Part Resource Summary
---------------------------------------------------------------------------------
Start Parallel Synthesis Optimization  : Time (s): cpu = 00:00:44 ; elapsed = 00:00:56 . Memory (MB): peak = 541.125 ; gain = 334.418
---------------------------------------------------------------------------------
Start Cross Boundary Optimization
---------------------------------------------------------------------------------
---------------------------------------------------------------------------------
Finished Cross Boundary Optimization : Time (s): cpu = 00:00:45 ; elapsed = 00:00:57 . Memory (MB): peak = 541.125 ; gain = 334.418
---------------------------------------------------------------------------------
Finished Parallel Reinference  : Time (s): cpu = 00:00:45 ; elapsed = 00:00:57 . Memory (MB): peak = 541.125 ; gain = 334.418

Report RTL Partitions: 
+------+--------------+------------+----------+
|      |RTL Partition |Replication |Instances |
+------+--------------+------------+----------+
|1     |muxpart       |           1|     32760|
|2     |muxpart__1    |           1|     32760|
|3     |muxpart__2    |           1|     32760|
|4     |muxpart__3    |           1|     32760|
|5     |Datapath__GC0 |           1|      4269|
+------+--------------+------------+----------+
No constraint files found.
---------------------------------------------------------------------------------
Start Area Optimization
---------------------------------------------------------------------------------
INFO: [Synth 8-3333] propagating constant 0 across sequential element (i_0/\pcr/PC_out_reg[0] )
INFO: [Synth 8-3333] propagating constant 0 across sequential element (i_0/\pcr/PC_out_reg[1] )
---------------------------------------------------------------------------------
Finished Area Optimization : Time (s): cpu = 00:00:56 ; elapsed = 00:01:10 . Memory (MB): peak = 541.125 ; gain = 334.418
---------------------------------------------------------------------------------
Finished Parallel Area Optimization  : Time (s): cpu = 00:00:56 ; elapsed = 00:01:10 . Memory (MB): peak = 541.125 ; gain = 334.418

Report RTL Partitions: 
+------+--------------+------------+----------+
|      |RTL Partition |Replication |Instances |
+------+--------------+------------+----------+
|1     |Datapath__GC0 |           1|      3239|
+------+--------------+------------+----------+
---------------------------------------------------------------------------------
Start Timing Optimization
---------------------------------------------------------------------------------
No constraint files found.
---------------------------------------------------------------------------------
Finished Timing Optimization : Time (s): cpu = 00:00:56 ; elapsed = 00:01:10 . Memory (MB): peak = 541.125 ; gain = 334.418
---------------------------------------------------------------------------------

Report RTL Partitions: 
+------+--------------+------------+----------+
|      |RTL Partition |Replication |Instances |
+------+--------------+------------+----------+
|1     |Datapath__GC0 |           1|      3239|
+------+--------------+------------+----------+
---------------------------------------------------------------------------------
Start Technology Mapping
---------------------------------------------------------------------------------
WARNING: [Synth 8-3332] Sequential element (rf/regArray_reg[0][31]) is unused and will be removed from module Datapath.
WARNING: [Synth 8-3332] Sequential element (rf/regArray_reg[0][30]) is unused and will be removed from module Datapath.
WARNING: [Synth 8-3332] Sequential element (rf/regArray_reg[0][29]) is unused and will be removed from module Datapath.
WARNING: [Synth 8-3332] Sequential element (rf/regArray_reg[0][28]) is unused and will be removed from module Datapath.
WARNING: [Synth 8-3332] Sequential element (rf/regArray_reg[0][27]) is unused and will be removed from module Datapath.
WARNING: [Synth 8-3332] Sequential element (rf/regArray_reg[0][26]) is unused and will be removed from module Datapath.
WARNING: [Synth 8-3332] Sequential element (rf/regArray_reg[0][25]) is unused and will be removed from module Datapath.
WARNING: [Synth 8-3332] Sequential element (rf/regArray_reg[0][24]) is unused and will be removed from module Datapath.
WARNING: [Synth 8-3332] Sequential element (rf/regArray_reg[0][23]) is unused and will be removed from module Datapath.
WARNING: [Synth 8-3332] Sequential element (rf/regArray_reg[0][22]) is unused and will be removed from module Datapath.
WARNING: [Synth 8-3332] Sequential element (rf/regArray_reg[0][21]) is unused and will be removed from module Datapath.
WARNING: [Synth 8-3332] Sequential element (rf/regArray_reg[0][20]) is unused and will be removed from module Datapath.
WARNING: [Synth 8-3332] Sequential element (rf/regArray_reg[0][19]) is unused and will be removed from module Datapath.
WARNING: [Synth 8-3332] Sequential element (rf/regArray_reg[0][18]) is unused and will be removed from module Datapath.
WARNING: [Synth 8-3332] Sequential element (rf/regArray_reg[0][17]) is unused and will be removed from module Datapath.
WARNING: [Synth 8-3332] Sequential element (rf/regArray_reg[0][16]) is unused and will be removed from module Datapath.
WARNING: [Synth 8-3332] Sequential element (rf/regArray_reg[0][15]) is unused and will be removed from module Datapath.
WARNING: [Synth 8-3332] Sequential element (rf/regArray_reg[0][14]) is unused and will be removed from module Datapath.
WARNING: [Synth 8-3332] Sequential element (rf/regArray_reg[0][13]) is unused and will be removed from module Datapath.
WARNING: [Synth 8-3332] Sequential element (rf/regArray_reg[0][12]) is unused and will be removed from module Datapath.
WARNING: [Synth 8-3332] Sequential element (rf/regArray_reg[0][11]) is unused and will be removed from module Datapath.
WARNING: [Synth 8-3332] Sequential element (rf/regArray_reg[0][10]) is unused and will be removed from module Datapath.
WARNING: [Synth 8-3332] Sequential element (rf/regArray_reg[0][9]) is unused and will be removed from module Datapath.
WARNING: [Synth 8-3332] Sequential element (rf/regArray_reg[0][8]) is unused and will be removed from module Datapath.
WARNING: [Synth 8-3332] Sequential element (rf/regArray_reg[0][7]) is unused and will be removed from module Datapath.
WARNING: [Synth 8-3332] Sequential element (rf/regArray_reg[0][6]) is unused and will be removed from module Datapath.
WARNING: [Synth 8-3332] Sequential element (rf/regArray_reg[0][5]) is unused and will be removed from module Datapath.
WARNING: [Synth 8-3332] Sequential element (rf/regArray_reg[0][4]) is unused and will be removed from module Datapath.
WARNING: [Synth 8-3332] Sequential element (rf/regArray_reg[0][3]) is unused and will be removed from module Datapath.
WARNING: [Synth 8-3332] Sequential element (rf/regArray_reg[0][2]) is unused and will be removed from module Datapath.
WARNING: [Synth 8-3332] Sequential element (rf/regArray_reg[0][1]) is unused and will be removed from module Datapath.
WARNING: [Synth 8-3332] Sequential element (rf/regArray_reg[0][0]) is unused and will be removed from module Datapath.
WARNING: [Synth 8-3332] Sequential element (rf/regArray_reg[1][31]) is unused and will be removed from module Datapath.
WARNING: [Synth 8-3332] Sequential element (rf/regArray_reg[1][30]) is unused and will be removed from module Datapath.
WARNING: [Synth 8-3332] Sequential element (rf/regArray_reg[1][29]) is unused and will be removed from module Datapath.
WARNING: [Synth 8-3332] Sequential element (rf/regArray_reg[1][28]) is unused and will be removed from module Datapath.
WARNING: [Synth 8-3332] Sequential element (rf/regArray_reg[1][27]) is unused and will be removed from module Datapath.
WARNING: [Synth 8-3332] Sequential element (rf/regArray_reg[1][26]) is unused and will be removed from module Datapath.
WARNING: [Synth 8-3332] Sequential element (rf/regArray_reg[1][25]) is unused and will be removed from module Datapath.
WARNING: [Synth 8-3332] Sequential element (rf/regArray_reg[1][24]) is unused and will be removed from module Datapath.
WARNING: [Synth 8-3332] Sequential element (rf/regArray_reg[1][23]) is unused and will be removed from module Datapath.
WARNING: [Synth 8-3332] Sequential element (rf/regArray_reg[1][22]) is unused and will be removed from module Datapath.
WARNING: [Synth 8-3332] Sequential element (rf/regArray_reg[1][21]) is unused and will be removed from module Datapath.
WARNING: [Synth 8-3332] Sequential element (rf/regArray_reg[1][20]) is unused and will be removed from module Datapath.
WARNING: [Synth 8-3332] Sequential element (rf/regArray_reg[1][19]) is unused and will be removed from module Datapath.
WARNING: [Synth 8-3332] Sequential element (rf/regArray_reg[1][18]) is unused and will be removed from module Datapath.
WARNING: [Synth 8-3332] Sequential element (rf/regArray_reg[1][17]) is unused and will be removed from module Datapath.
WARNING: [Synth 8-3332] Sequential element (rf/regArray_reg[1][16]) is unused and will be removed from module Datapath.
WARNING: [Synth 8-3332] Sequential element (rf/regArray_reg[1][15]) is unused and will be removed from module Datapath.
WARNING: [Synth 8-3332] Sequential element (rf/regArray_reg[1][14]) is unused and will be removed from module Datapath.
WARNING: [Synth 8-3332] Sequential element (rf/regArray_reg[1][13]) is unused and will be removed from module Datapath.
WARNING: [Synth 8-3332] Sequential element (rf/regArray_reg[1][12]) is unused and will be removed from module Datapath.
WARNING: [Synth 8-3332] Sequential element (rf/regArray_reg[1][11]) is unused and will be removed from module Datapath.
WARNING: [Synth 8-3332] Sequential element (rf/regArray_reg[1][10]) is unused and will be removed from module Datapath.
WARNING: [Synth 8-3332] Sequential element (rf/regArray_reg[1][9]) is unused and will be removed from module Datapath.
WARNING: [Synth 8-3332] Sequential element (rf/regArray_reg[1][8]) is unused and will be removed from module Datapath.
WARNING: [Synth 8-3332] Sequential element (rf/regArray_reg[1][7]) is unused and will be removed from module Datapath.
WARNING: [Synth 8-3332] Sequential element (rf/regArray_reg[1][6]) is unused and will be removed from module Datapath.
WARNING: [Synth 8-3332] Sequential element (rf/regArray_reg[1][5]) is unused and will be removed from module Datapath.
WARNING: [Synth 8-3332] Sequential element (rf/regArray_reg[1][4]) is unused and will be removed from module Datapath.
WARNING: [Synth 8-3332] Sequential element (rf/regArray_reg[1][3]) is unused and will be removed from module Datapath.
WARNING: [Synth 8-3332] Sequential element (rf/regArray_reg[1][2]) is unused and will be removed from module Datapath.
WARNING: [Synth 8-3332] Sequential element (rf/regArray_reg[1][1]) is unused and will be removed from module Datapath.
WARNING: [Synth 8-3332] Sequential element (rf/regArray_reg[1][0]) is unused and will be removed from module Datapath.
WARNING: [Synth 8-3332] Sequential element (rf/regArray_reg[2][31]) is unused and will be removed from module Datapath.
WARNING: [Synth 8-3332] Sequential element (rf/regArray_reg[2][30]) is unused and will be removed from module Datapath.
WARNING: [Synth 8-3332] Sequential element (rf/regArray_reg[2][29]) is unused and will be removed from module Datapath.
WARNING: [Synth 8-3332] Sequential element (rf/regArray_reg[2][28]) is unused and will be removed from module Datapath.
WARNING: [Synth 8-3332] Sequential element (rf/regArray_reg[2][27]) is unused and will be removed from module Datapath.
WARNING: [Synth 8-3332] Sequential element (rf/regArray_reg[2][26]) is unused and will be removed from module Datapath.
WARNING: [Synth 8-3332] Sequential element (rf/regArray_reg[2][25]) is unused and will be removed from module Datapath.
WARNING: [Synth 8-3332] Sequential element (rf/regArray_reg[2][24]) is unused and will be removed from module Datapath.
WARNING: [Synth 8-3332] Sequential element (rf/regArray_reg[2][23]) is unused and will be removed from module Datapath.
WARNING: [Synth 8-3332] Sequential element (rf/regArray_reg[2][22]) is unused and will be removed from module Datapath.
WARNING: [Synth 8-3332] Sequential element (rf/regArray_reg[2][21]) is unused and will be removed from module Datapath.
WARNING: [Synth 8-3332] Sequential element (rf/regArray_reg[2][20]) is unused and will be removed from module Datapath.
WARNING: [Synth 8-3332] Sequential element (rf/regArray_reg[2][19]) is unused and will be removed from module Datapath.
WARNING: [Synth 8-3332] Sequential element (rf/regArray_reg[2][18]) is unused and will be removed from module Datapath.
WARNING: [Synth 8-3332] Sequential element (rf/regArray_reg[2][17]) is unused and will be removed from module Datapath.
WARNING: [Synth 8-3332] Sequential element (rf/regArray_reg[2][16]) is unused and will be removed from module Datapath.
WARNING: [Synth 8-3332] Sequential element (rf/regArray_reg[2][15]) is unused and will be removed from module Datapath.
WARNING: [Synth 8-3332] Sequential element (rf/regArray_reg[2][14]) is unused and will be removed from module Datapath.
WARNING: [Synth 8-3332] Sequential element (rf/regArray_reg[2][13]) is unused and will be removed from module Datapath.
WARNING: [Synth 8-3332] Sequential element (rf/regArray_reg[2][12]) is unused and will be removed from module Datapath.
WARNING: [Synth 8-3332] Sequential element (rf/regArray_reg[2][11]) is unused and will be removed from module Datapath.
WARNING: [Synth 8-3332] Sequential element (rf/regArray_reg[2][10]) is unused and will be removed from module Datapath.
WARNING: [Synth 8-3332] Sequential element (rf/regArray_reg[2][9]) is unused and will be removed from module Datapath.
WARNING: [Synth 8-3332] Sequential element (rf/regArray_reg[2][8]) is unused and will be removed from module Datapath.
WARNING: [Synth 8-3332] Sequential element (rf/regArray_reg[2][7]) is unused and will be removed from module Datapath.
WARNING: [Synth 8-3332] Sequential element (rf/regArray_reg[2][6]) is unused and will be removed from module Datapath.
WARNING: [Synth 8-3332] Sequential element (rf/regArray_reg[2][5]) is unused and will be removed from module Datapath.
WARNING: [Synth 8-3332] Sequential element (rf/regArray_reg[2][4]) is unused and will be removed from module Datapath.
WARNING: [Synth 8-3332] Sequential element (rf/regArray_reg[2][3]) is unused and will be removed from module Datapath.
WARNING: [Synth 8-3332] Sequential element (rf/regArray_reg[2][2]) is unused and will be removed from module Datapath.
WARNING: [Synth 8-3332] Sequential element (rf/regArray_reg[2][1]) is unused and will be removed from module Datapath.
WARNING: [Synth 8-3332] Sequential element (rf/regArray_reg[2][0]) is unused and will be removed from module Datapath.
WARNING: [Synth 8-3332] Sequential element (rf/regArray_reg[3][31]) is unused and will be removed from module Datapath.
WARNING: [Synth 8-3332] Sequential element (rf/regArray_reg[3][30]) is unused and will be removed from module Datapath.
WARNING: [Synth 8-3332] Sequential element (rf/regArray_reg[3][29]) is unused and will be removed from module Datapath.
WARNING: [Synth 8-3332] Sequential element (rf/regArray_reg[3][28]) is unused and will be removed from module Datapath.
INFO: [Common 17-14] Message 'Synth 8-3332' appears 100 times and further instances of the messages will be disabled. Use the Tcl command set_msg_config to change the current settings.
---------------------------------------------------------------------------------
Finished Technology Mapping : Time (s): cpu = 00:00:57 ; elapsed = 00:01:11 . Memory (MB): peak = 541.125 ; gain = 334.418
---------------------------------------------------------------------------------
Finished Parallel Technology Mapping Optimization  : Time (s): cpu = 00:00:57 ; elapsed = 00:01:11 . Memory (MB): peak = 541.125 ; gain = 334.418

Report RTL Partitions: 
+-+--------------+------------+----------+
| |RTL Partition |Replication |Instances |
+-+--------------+------------+----------+
+-+--------------+------------+----------+
Finished Parallel Synthesis Optimization  : Time (s): cpu = 00:00:57 ; elapsed = 00:01:11 . Memory (MB): peak = 541.125 ; gain = 334.418
---------------------------------------------------------------------------------
Start IO Insertion
---------------------------------------------------------------------------------
---------------------------------------------------------------------------------
Start Flattening Before IO Insertion
---------------------------------------------------------------------------------
---------------------------------------------------------------------------------
Finished Flattening Before IO Insertion
---------------------------------------------------------------------------------
---------------------------------------------------------------------------------
Start Final Netlist Cleanup
---------------------------------------------------------------------------------
---------------------------------------------------------------------------------
Finished Final Netlist Cleanup
---------------------------------------------------------------------------------
---------------------------------------------------------------------------------
Finished IO Insertion : Time (s): cpu = 00:00:58 ; elapsed = 00:01:13 . Memory (MB): peak = 541.125 ; gain = 334.418
---------------------------------------------------------------------------------

Report Check Netlist: 
+------+------------------+-------+---------+-------+------------------+
|      |Item              |Errors |Warnings |Status |Description       |
+------+------------------+-------+---------+-------+------------------+
|1     |multi_driven_nets |      0|        0|Passed |Multi driven nets |
+------+------------------+-------+---------+-------+------------------+
---------------------------------------------------------------------------------
Start Renaming Generated Instances
---------------------------------------------------------------------------------
---------------------------------------------------------------------------------
Finished Renaming Generated Instances : Time (s): cpu = 00:00:58 ; elapsed = 00:01:13 . Memory (MB): peak = 541.125 ; gain = 334.418
---------------------------------------------------------------------------------

Report RTL Partitions: 
+-+--------------+------------+----------+
| |RTL Partition |Replication |Instances |
+-+--------------+------------+----------+
+-+--------------+------------+----------+
---------------------------------------------------------------------------------
Start Rebuilding User Hierarchy
---------------------------------------------------------------------------------
---------------------------------------------------------------------------------
Finished Rebuilding User Hierarchy : Time (s): cpu = 00:00:58 ; elapsed = 00:01:13 . Memory (MB): peak = 541.125 ; gain = 334.418
---------------------------------------------------------------------------------
---------------------------------------------------------------------------------
Start Renaming Generated Ports
---------------------------------------------------------------------------------
---------------------------------------------------------------------------------
Finished Renaming Generated Ports : Time (s): cpu = 00:00:58 ; elapsed = 00:01:13 . Memory (MB): peak = 541.125 ; gain = 334.418
---------------------------------------------------------------------------------
---------------------------------------------------------------------------------
Start Handling Custom Attributes
---------------------------------------------------------------------------------
---------------------------------------------------------------------------------
Finished Handling Custom Attributes : Time (s): cpu = 00:00:58 ; elapsed = 00:01:13 . Memory (MB): peak = 541.125 ; gain = 334.418
---------------------------------------------------------------------------------
---------------------------------------------------------------------------------
Start Renaming Generated Nets
---------------------------------------------------------------------------------
---------------------------------------------------------------------------------
Finished Renaming Generated Nets : Time (s): cpu = 00:00:58 ; elapsed = 00:01:13 . Memory (MB): peak = 541.125 ; gain = 334.418
---------------------------------------------------------------------------------
---------------------------------------------------------------------------------
Start Writing Synthesis Report
---------------------------------------------------------------------------------

Report BlackBoxes: 
+-+--------------+----------+
| |BlackBox name |Instances |
+-+--------------+----------+
+-+--------------+----------+

Report Cell Usage: 
+------+-----+------+
|      |Cell |Count |
+------+-----+------+
|1     |OBUF |    32|
+------+-----+------+

Report Instance Areas: 
+------+---------+-------+------+
|      |Instance |Module |Cells |
+------+---------+-------+------+
|1     |top      |       |    32|
+------+---------+-------+------+
---------------------------------------------------------------------------------
Finished Writing Synthesis Report : Time (s): cpu = 00:00:58 ; elapsed = 00:01:13 . Memory (MB): peak = 541.125 ; gain = 334.418
---------------------------------------------------------------------------------
Synthesis finished with 0 errors, 0 critical warnings and 5201 warnings.
Synthesis Optimization Runtime : Time (s): cpu = 00:00:55 ; elapsed = 00:00:59 . Memory (MB): peak = 541.125 ; gain = 334.418
Synthesis Optimization Complete : Time (s): cpu = 00:00:58 ; elapsed = 00:01:13 . Memory (MB): peak = 541.125 ; gain = 334.418
INFO: [Project 1-571] Translating synthesized netlist
INFO: [Project 1-570] Preparing netlist for logic optimization
INFO: [Opt 31-138] Pushed 0 inverter(s) to 0 load pin(s).
INFO: [Project 1-111] Unisim Transformation Summary:
No Unisim elements were transformed.

INFO: [Common 17-83] Releasing license: Synthesis
59 Infos, 257 Warnings, 0 Critical Warnings and 0 Errors encountered.
synth_design completed successfully
synth_design: Time (s): cpu = 00:00:59 ; elapsed = 00:01:07 . Memory (MB): peak = 541.125 ; gain = 334.418
report_utilization: Time (s): cpu = 00:00:00 ; elapsed = 00:00:00.092 . Memory (MB): peak = 541.125 ; gain = 0.000
INFO: [Common 17-206] Exiting Vivado at Mon Mar 15 10:02:45 2021...
