#-----------------------------------------------------------
# Vivado v2016.2 (64-bit)
# SW Build 1577090 on Thu Jun  2 16:32:40 MDT 2016
# IP Build 1577682 on Fri Jun  3 12:00:54 MDT 2016
# Start of session at: Wed Mar 17 10:40:45 2021
# Process ID: 1996
# Current directory: C:/Users/HP Useer/Desktop/Lab4_Naylor_Ojeda/Lab4_Datapath
# Command line: vivado.exe -gui_launcher_event rodinguilauncherevent15856 C:\Users\HP Useer\Desktop\Lab4_Naylor_Ojeda\Lab4_Datapath\Lab4_Datapath.xpr
# Log file: C:/Users/HP Useer/Desktop/Lab4_Naylor_Ojeda/Lab4_Datapath/vivado.log
# Journal file: C:/Users/HP Useer/Desktop/Lab4_Naylor_Ojeda/Lab4_Datapath\vivado.jou
#-----------------------------------------------------------
start_gui
open_project {C:/Users/HP Useer/Desktop/Lab4_Naylor_Ojeda/Lab4_Datapath/Lab4_Datapath.xpr}
IINFO: [Project 1-313] Project file moved from 'C:/Users/HP Useer/Desktop/Lab3_ALU_Naylor_Ojeda/Lab4_Datapath' since last save.Scanning sources...
Finished scanning sources
INFO: [IP_Flow 19-234] Refreshing IP repositories
INFO: [IP_Flow 19-1704] No user IP repositories specified
INFO: [IP_Flow 19-2313] Loaded Vivado IP repository 'C:/Xilinx/Vivado/2016.2/data/ip'.
open_project: Time (s): cpu = 00:00:23 ; elapsed = 00:00:29 . Memory (MB): peak = 745.578 ; gain = 110.203
uupdate_compile_order -fileset sources_1
launch_simulation
INFO: [USF-XSim-27] Simulation object is 'sim_1'
INFO: [USF-XSim-37] Inspecting design source files for 'Datapath_tb' in fileset 'sim_1'...
INFO: [USF-XSim-25] Exported 'C:/Users/HP Useer/Desktop/Lab4_Naylor_Ojeda/Lab4_Datapath/Lab4_Datapath.sim/sim_1/behav/regfile.dat'
INFO: [USF-XSim-25] Exported 'C:/Users/HP Useer/Desktop/Lab4_Naylor_Ojeda/Lab4_Datapath/Lab4_Datapath.sim/sim_1/behav/imem.dat'
INFO: [USF-XSim-25] Exported 'C:/Users/HP Useer/Desktop/Lab4_Naylor_Ojeda/Lab4_Datapath/Lab4_Datapath.sim/sim_1/behav/regfile.dat'
INFO: [USF-XSim-25] Exported 'C:/Users/HP Useer/Desktop/Lab4_Naylor_Ojeda/Lab4_Datapath/Lab4_Datapath.sim/sim_1/behav/imem.dat'
INFO: [USF-XSim-97] Finding global include files...
INFO: [USF-XSim-98] Fetching design files from 'sim_1'...
INFO: [USF-XSim-2] XSim::Compile design
INFO: [USF-XSim-61] Executing 'COMPILE and ANALYZE' step in 'C:/Users/HP Useer/Desktop/Lab4_Naylor_Ojeda/Lab4_Datapath/Lab4_Datapath.sim/sim_1/behav'
"xvlog -m64 --relax -prj Datapath_tb_vlog.prj"
INFO: [VRFC 10-2263] Analyzing Verilog file "C:/Users/HP Useer/Desktop/Lab4_Naylor_Ojeda/Lab4_Datapath/Lab4_Datapath.srcs/sources_1/new/PCADD.v" into library xil_defaultlib
INFO: [VRFC 10-311] analyzing module PCADD
INFO: [VRFC 10-2263] Analyzing Verilog file "C:/Users/HP Useer/Desktop/Lab4_Naylor_Ojeda/Lab4_Datapath/Lab4_Datapath.srcs/sources_1/new/PC.v" into library xil_defaultlib
INFO: [VRFC 10-311] analyzing module PC
INFO: [VRFC 10-2263] Analyzing Verilog file "C:/Users/HP Useer/Desktop/Lab4_Naylor_Ojeda/Lab4_Datapath/Lab4_Datapath.srcs/sources_1/imports/new/ALU.v" into library xil_defaultlib
INFO: [VRFC 10-311] analyzing module ALU
INFO: [VRFC 10-2263] Analyzing Verilog file "C:/Users/HP Useer/Desktop/Lab4_Naylor_Ojeda/Lab4_Datapath/Lab4_Datapath.srcs/sources_1/new/control.v" into library xil_defaultlib
INFO: [VRFC 10-311] analyzing module control
INFO: [VRFC 10-2263] Analyzing Verilog file "C:/Users/HP Useer/Desktop/Lab4_Naylor_Ojeda/Lab4_Datapath/Lab4_Datapath.srcs/sources_1/imports/Downloads/regfile32.v" into library xil_defaultlib
INFO: [VRFC 10-311] analyzing module regfile32
INFO: [VRFC 10-2263] Analyzing Verilog file "C:/Users/HP Useer/Desktop/Lab4_Naylor_Ojeda/Lab4_Datapath/Lab4_Datapath.srcs/sources_1/imports/Downloads/Instruction_Memory.v" into library xil_defaultlib
INFO: [VRFC 10-311] analyzing module Instruction_Memory
INFO: [VRFC 10-2263] Analyzing Verilog file "C:/Users/HP Useer/Desktop/Lab4_Naylor_Ojeda/Lab4_Datapath/Lab4_Datapath.srcs/sources_1/new/Datapath.v" into library xil_defaultlib
INFO: [VRFC 10-311] analyzing module Datapath
INFO: [VRFC 10-2263] Analyzing Verilog file "C:/Users/HP Useer/Desktop/Lab4_Naylor_Ojeda/Lab4_Datapath/Lab4_Datapath.srcs/sim_1/new/Datapath_tb.v" into library xil_defaultlib
INFO: [VRFC 10-311] analyzing module Datapath_tb
INFO: [VRFC 10-2263] Analyzing Verilog file "C:/Users/HP Useer/Desktop/Lab4_Naylor_Ojeda/Lab4_Datapath/Lab4_Datapath.sim/sim_1/behav/glbl.v" into library xil_defaultlib
INFO: [VRFC 10-311] analyzing module glbl
INFO: [USF-XSim-69] 'compile' step finished in '5' seconds
INFO: [USF-XSim-3] XSim::Elaborate design
INFO: [USF-XSim-61] Executing 'ELABORATE' step in 'C:/Users/HP Useer/Desktop/Lab4_Naylor_Ojeda/Lab4_Datapath/Lab4_Datapath.sim/sim_1/behav'
Vivado Simulator 2016.2
Copyright 1986-1999, 2001-2016 Xilinx, Inc. All Rights Reserved.
Running: C:/Xilinx/Vivado/2016.2/bin/unwrapped/win64.o/xelab.exe -wto 22ca6ab80d694fdbb6997a2575f7bc8c --debug typical --relax --mt 2 -L xil_defaultlib -L unisims_ver -L unimacro_ver -L secureip --snapshot Datapath_tb_behav xil_defaultlib.Datapath_tb xil_defaultlib.glbl -log elaborate.log 
Using 2 slave threads.
Starting static elaboration
Completed static elaboration
Starting simulation data flow analysis
Completed simulation data flow analysis
Time Resolution for simulation is 1ps
Compiling module xil_defaultlib.control
Compiling module xil_defaultlib.Instruction_Memory
Compiling module xil_defaultlib.regfile32
Compiling module xil_defaultlib.PCADD
Compiling module xil_defaultlib.PC
Compiling module xil_defaultlib.ALU
Compiling module xil_defaultlib.Datapath
Compiling module xil_defaultlib.Datapath_tb
Compiling module xil_defaultlib.glbl
Built simulation snapshot Datapath_tb_behav

****** Webtalk v2016.2 (64-bit)
  **** SW Build 1577090 on Thu Jun  2 16:32:40 MDT 2016
  **** IP Build 1577682 on Fri Jun  3 12:00:54 MDT 2016
    ** Copyright 1986-2016 Xilinx, Inc. All Rights Reserved.

source C:/Users/HP -notrace
invalid command name "2019:03:13"
    while executing
"2019:03:13 10:51:10:910 Could not recognize operation: U!"
    (file "C:/Users/HP" line 1)
INFO: [Common 17-206] Exiting Webtalk at Wed Mar 17 10:45:17 2021...
run_program: Time (s): cpu = 00:00:01 ; elapsed = 00:00:14 . Memory (MB): peak = 740.117 ; gain = 0.000
INFO: [USF-XSim-69] 'elaborate' step finished in '14' seconds
INFO: [USF-XSim-4] XSim::Simulate design
INFO: [USF-XSim-61] Executing 'SIMULATE' step in 'C:/Users/HP Useer/Desktop/Lab4_Naylor_Ojeda/Lab4_Datapath/Lab4_Datapath.sim/sim_1/behav'
INFO: [USF-XSim-98] *** Running xsim
   with args "Datapath_tb_behav -key {Behavioral:sim_1:Functional:Datapath_tb} -tclbatch {Datapath_tb.tcl} -log {simulate.log}"
INFO: [USF-XSim-8] Loading simulator feature
Vivado Simulator 2016.2
Time resolution is 1 ps
source Datapath_tb.tcl
# set curr_wave [current_wave_config]
# if { [string length $curr_wave] == 0 } {
#   if { [llength [get_objects]] > 0} {
#     add_wave /
#     set_property needs_save false [current_wave_config]
#   } else {
#      send_msg_id Add_Wave-1 WARNING "No top level signals found. Simulator will start without a wave window. If you want to open a wave window go to 'File->New Waveform Configuration' or type 'create_wave_config' in the TCL console."
#   }
# }
# run 1000ns
t= 230.0 ns rf[0]: 00000000
t= 250.0 ns rf[1]: 00000000
t= 270.0 ns rf[2]: 00000000
t= 290.0 ns rf[3]: 00000000
t= 310.0 ns rf[4]: 00000000
t= 330.0 ns rf[5]: 00000000
t= 350.0 ns rf[6]: 00000000
t= 370.0 ns rf[7]: 00000000
t= 390.0 ns rf[8]: 00000015
t= 410.0 ns rf[9]: 00000017
t= 430.0 ns rf[10]: 0000000c
t= 450.0 ns rf[11]: fffffff0
t= 470.0 ns rf[12]: 0000000f
t= 490.0 ns rf[13]: 0000001f
t= 510.0 ns rf[14]: 0000000f
t= 530.0 ns rf[15]: 00000010
t= 550.0 ns rf[16]: ffffffff
t= 570.0 ns rf[17]: ffffffff
t= 590.0 ns rf[18]: 00000001
t= 610.0 ns rf[19]: 00000001
t= 630.0 ns rf[20]: 00000015
t= 650.0 ns rf[21]: 00000016
t= 670.0 ns rf[22]: 00000017
t= 690.0 ns rf[23]: 00000018
t= 710.0 ns rf[24]: 00000019
t= 730.0 ns rf[25]: 0000001a
t= 750.0 ns rf[26]: 00000000
t= 770.0 ns rf[27]: 00000000
t= 790.0 ns rf[28]: 00000000
t= 810.0 ns rf[29]: 00000000
t= 830.0 ns rf[30]: 00000000
t= 850.0 ns rf[31]: 00000000
$finish called at time : 850 ns : File "C:/Users/HP Useer/Desktop/Lab4_Naylor_Ojeda/Lab4_Datapath/Lab4_Datapath.srcs/sim_1/new/Datapath_tb.v" Line 32
xsim: Time (s): cpu = 00:00:07 ; elapsed = 00:00:06 . Memory (MB): peak = 771.621 ; gain = 31.504
INFO: [USF-XSim-96] XSim completed. Design snapshot 'Datapath_tb_behav' loaded.
INFO: [USF-XSim-97] XSim simulation ran for 1000ns
launch_simulation: Time (s): cpu = 00:00:11 ; elapsed = 00:00:26 . Memory (MB): peak = 771.652 ; gain = 38.969
close_sim
INFO: [Simtcl 6-16] Simulation closed
close_sim: Time (s): cpu = 00:00:05 ; elapsed = 00:00:06 . Memory (MB): peak = 795.945 ; gain = 0.000
exit
INFO: [Common 17-206] Exiting Vivado at Wed Mar 17 10:48:54 2021...
