#-----------------------------------------------------------
# Vivado v2016.2 (64-bit)
# SW Build 1577090 on Thu Jun  2 16:32:40 MDT 2016
# IP Build 1577682 on Fri Jun  3 12:00:54 MDT 2016
# Start of session at: Mon Mar 15 10:31:30 2021
# Process ID: 1892
# Current directory: C:/Users/HP Useer/Desktop/Lab3_ALU_Naylor_Ojeda/ALU_Lab3
# Command line: vivado.exe -gui_launcher_event rodinguilauncherevent196 C:\Users\HP Useer\Desktop\Lab3_ALU_Naylor_Ojeda\ALU_Lab3\ALU_Lab3.xpr
# Log file: C:/Users/HP Useer/Desktop/Lab3_ALU_Naylor_Ojeda/ALU_Lab3/vivado.log
# Journal file: C:/Users/HP Useer/Desktop/Lab3_ALU_Naylor_Ojeda/ALU_Lab3\vivado.jou
#-----------------------------------------------------------
start_gui
open_project {C:/Users/HP Useer/Desktop/Lab3_ALU_Naylor_Ojeda/ALU_Lab3/ALU_Lab3.xpr}
Scanning sources...
Finished scanning sources
INFO: [IP_Flow 19-234] Refreshing IP repositories
INFO: [IP_Flow 19-1704] No user IP repositories specified
INFO: [IP_Flow 19-2313] Loaded Vivado IP repository 'C:/Xilinx/Vivado/2016.2/data/ip'.
open_project: Time (s): cpu = 00:00:19 ; elapsed = 00:00:19 . Memory (MB): peak = 752.891 ; gain = 126.328
update_compile_order -fileset sources_1
exit
INFO: [Common 17-206] Exiting Vivado at Mon Mar 15 10:42:53 2021...
